[27-Mar-2019 23:24:47 UTC] PHP Fatal error:  Uncaught exception 'mysqli_sql_exception' with message 'Table 'srjc_spring_2019.srjc_game-pitchers' doesn't exist' in /home/ubuntu/workspace/aaa-team/development/jad/jadljphpInterface-ver.1.7/phpInterface/server.php:110
Stack trace:
#0 /home/ubuntu/workspace/aaa-team/development/jad/jadljphpInterface-ver.1.7/phpInterface/server.php(110): mysqli->query('INSERT INTO `sr...')
#1 {main}
  thrown in /home/ubuntu/workspace/aaa-team/development/jad/jadljphpInterface-ver.1.7/phpInterface/server.php on line 110
[27-Mar-2019 23:25:58 UTC] PHP Fatal error:  Uncaught exception 'mysqli_sql_exception' with message 'Table 'srjc_spring_2019.srjc_game-pitchers' doesn't exist' in /home/ubuntu/workspace/aaa-team/development/jad/jadljphpInterface-ver.1.7/phpInterface/server.php:110
Stack trace:
#0 /home/ubuntu/workspace/aaa-team/development/jad/jadljphpInterface-ver.1.7/phpInterface/server.php(110): mysqli->query('INSERT INTO `sr...')
#1 {main}
  thrown in /home/ubuntu/workspace/aaa-team/development/jad/jadljphpInterface-ver.1.7/phpInterface/server.php on line 110
[27-Mar-2019 23:32:21 UTC] PHP Fatal error:  Uncaught exception 'mysqli_sql_exception' with message 'Table 'srjc_spring_2019.srjc_game-pitchers' doesn't exist' in /home/ubuntu/workspace/aaa-team/development/jad/jadljphpInterface-ver.1.7/phpInterface/server.php:110
Stack trace:
#0 /home/ubuntu/workspace/aaa-team/development/jad/jadljphpInterface-ver.1.7/phpInterface/server.php(110): mysqli->query('INSERT INTO `sr...')
#1 {main}
  thrown in /home/ubuntu/workspace/aaa-team/development/jad/jadljphpInterface-ver.1.7/phpInterface/server.php on line 110
[29-Mar-2019 04:08:31 UTC] PHP Fatal error:  Uncaught exception 'mysqli_sql_exception' with message 'You have an error in your SQL syntax; check the manual that corresponds to your MySQL server version for the right syntax to use near 'Malley (P)', '1', 'Game'
			)' at line 11' in /home/ubuntu/workspace/aaa-team/development/lj/jadljphpInterface-ver.1.7.1/phpInterface/server.php:110
Stack trace:
#0 /home/ubuntu/workspace/aaa-team/development/lj/jadljphpInterface-ver.1.7.1/phpInterface/server.php(110): mysqli->query('INSERT INTO `sr...')
#1 {main}
  thrown in /home/ubuntu/workspace/aaa-team/development/lj/jadljphpInterface-ver.1.7.1/phpInterface/server.php on line 110
[16-Apr-2019 07:37:00 UTC] PHP Fatal error:  Cannot pass parameter 2 by reference in /home/ubuntu/workspace/aaa-team/development/lj/pitchUI-ver.0.8.7/phpInterface/server.php on line 81
[16-Apr-2019 07:37:00 UTC] PHP Stack trace:
[16-Apr-2019 07:37:00 UTC] PHP   1. {main}() /home/ubuntu/workspace/aaa-team/development/lj/pitchUI-ver.0.8.7/phpInterface/server.php:0
[16-Apr-2019 07:39:42 UTC] PHP Fatal error:  Cannot pass parameter 2 by reference in /home/ubuntu/workspace/aaa-team/development/lj/pitchUI-ver.0.8.7/phpInterface/server.php on line 82
[16-Apr-2019 07:39:42 UTC] PHP Stack trace:
[16-Apr-2019 07:39:42 UTC] PHP   1. {main}() /home/ubuntu/workspace/aaa-team/development/lj/pitchUI-ver.0.8.7/phpInterface/server.php:0
[16-Apr-2019 07:40:56 UTC] PHP Fatal error:  Call to undefined function CURRENT_DATE() in /home/ubuntu/workspace/aaa-team/development/lj/pitchUI-ver.0.8.7/phpInterface/server.php on line 10
[16-Apr-2019 07:40:56 UTC] PHP Stack trace:
[16-Apr-2019 07:40:56 UTC] PHP   1. {main}() /home/ubuntu/workspace/aaa-team/development/lj/pitchUI-ver.0.8.7/phpInterface/server.php:0
[16-Apr-2019 07:42:03 UTC] PHP Fatal error:  Cannot pass parameter 2 by reference in /home/ubuntu/workspace/aaa-team/development/lj/pitchUI-ver.0.8.7/phpInterface/server.php on line 83
[16-Apr-2019 07:42:03 UTC] PHP Stack trace:
[16-Apr-2019 07:42:03 UTC] PHP   1. {main}() /home/ubuntu/workspace/aaa-team/development/lj/pitchUI-ver.0.8.7/phpInterface/server.php:0
[16-Apr-2019 07:44:50 UTC] PHP Fatal error:  Cannot pass parameter 2 by reference in /home/ubuntu/workspace/aaa-team/development/lj/pitchUI-ver.0.8.7/phpInterface/server.php on line 83
[16-Apr-2019 07:44:50 UTC] PHP Stack trace:
[16-Apr-2019 07:44:50 UTC] PHP   1. {main}() /home/ubuntu/workspace/aaa-team/development/lj/pitchUI-ver.0.8.7/phpInterface/server.php:0
[16-Apr-2019 07:45:59 UTC] PHP Fatal error:  Cannot pass parameter 2 by reference in /home/ubuntu/workspace/aaa-team/development/lj/pitchUI-ver.0.8.7/phpInterface/server.php on line 82
[16-Apr-2019 07:45:59 UTC] PHP Stack trace:
[16-Apr-2019 07:45:59 UTC] PHP   1. {main}() /home/ubuntu/workspace/aaa-team/development/lj/pitchUI-ver.0.8.7/phpInterface/server.php:0
[16-Apr-2019 07:46:38 UTC] PHP Fatal error:  Cannot pass parameter 2 by reference in /home/ubuntu/workspace/aaa-team/development/lj/pitchUI-ver.0.8.7/phpInterface/server.php on line 82
[16-Apr-2019 07:46:38 UTC] PHP Stack trace:
[16-Apr-2019 07:46:38 UTC] PHP   1. {main}() /home/ubuntu/workspace/aaa-team/development/lj/pitchUI-ver.0.8.7/phpInterface/server.php:0
[16-Apr-2019 07:47:31 UTC] PHP Fatal error:  Cannot pass parameter 2 by reference in /home/ubuntu/workspace/aaa-team/development/lj/pitchUI-ver.0.8.7/phpInterface/server.php on line 82
[16-Apr-2019 07:47:31 UTC] PHP Stack trace:
[16-Apr-2019 07:47:31 UTC] PHP   1. {main}() /home/ubuntu/workspace/aaa-team/development/lj/pitchUI-ver.0.8.7/phpInterface/server.php:0
[16-Apr-2019 07:50:28 UTC] PHP Fatal error:  Uncaught exception 'mysqli_sql_exception' with message 'You have an error in your SQL syntax; check the manual that corresponds to your MySQL server version for the right syntax to use near '?,?,?,?,?,?)' at line 9' in /home/ubuntu/workspace/aaa-team/development/lj/pitchUI-ver.0.8.7/phpInterface/server.php:86
Stack trace:
#0 /home/ubuntu/workspace/aaa-team/development/lj/pitchUI-ver.0.8.7/phpInterface/server.php(86): mysqli->query('INSERT INTO `cl...')
#1 {main}
  thrown in /home/ubuntu/workspace/aaa-team/development/lj/pitchUI-ver.0.8.7/phpInterface/server.php on line 86
[16-Apr-2019 07:53:19 UTC] PHP Fatal error:  Uncaught exception 'mysqli_sql_exception' with message 'You have an error in your SQL syntax; check the manual that corresponds to your MySQL server version for the right syntax to use near ''date',
				`opponent` ,
				`gameNumber` ,
				`pitcherName` ,
				`startingPit' at line 3' in /home/ubuntu/workspace/aaa-team/development/lj/pitchUI-ver.0.8.7/phpInterface/server.php:81
Stack trace:
#0 /home/ubuntu/workspace/aaa-team/development/lj/pitchUI-ver.0.8.7/phpInterface/server.php(81): mysqli->prepare('INSERT INTO `cl...')
#1 {main}
  thrown in /home/ubuntu/workspace/aaa-team/development/lj/pitchUI-ver.0.8.7/phpInterface/server.php on line 81
[16-Apr-2019 07:55:10 UTC] PHP Fatal error:  Uncaught exception 'mysqli_sql_exception' with message 'Column count doesn't match value count at row 1' in /home/ubuntu/workspace/aaa-team/development/lj/pitchUI-ver.0.8.7/phpInterface/server.php:81
Stack trace:
#0 /home/ubuntu/workspace/aaa-team/development/lj/pitchUI-ver.0.8.7/phpInterface/server.php(81): mysqli->prepare('INSERT INTO `cl...')
#1 {main}
  thrown in /home/ubuntu/workspace/aaa-team/development/lj/pitchUI-ver.0.8.7/phpInterface/server.php on line 81
[16-Apr-2019 07:55:57 UTC] PHP Fatal error:  Uncaught exception 'mysqli_sql_exception' with message 'You have an error in your SQL syntax; check the manual that corresponds to your MySQL server version for the right syntax to use near '?,?,?,?,?,?,?)' at line 10' in /home/ubuntu/workspace/aaa-team/development/lj/pitchUI-ver.0.8.7/phpInterface/server.php:87
Stack trace:
#0 /home/ubuntu/workspace/aaa-team/development/lj/pitchUI-ver.0.8.7/phpInterface/server.php(87): mysqli->query('INSERT INTO `cl...')
#1 {main}
  thrown in /home/ubuntu/workspace/aaa-team/development/lj/pitchUI-ver.0.8.7/phpInterface/server.php on line 87
[16-Apr-2019 08:00:56 UTC] PHP Fatal error:  Uncaught exception 'mysqli_sql_exception' with message 'Column 'gameNumber' cannot be null' in /home/ubuntu/workspace/aaa-team/development/lj/pitchUI-ver.0.8.7/phpInterface/server.php:85
Stack trace:
#0 /home/ubuntu/workspace/aaa-team/development/lj/pitchUI-ver.0.8.7/phpInterface/server.php(85): mysqli_stmt->execute()
#1 {main}
  thrown in /home/ubuntu/workspace/aaa-team/development/lj/pitchUI-ver.0.8.7/phpInterface/server.php on line 85
[16-Apr-2019 08:07:15 UTC] PHP Parse error:  syntax error, unexpected end of file in /home/ubuntu/workspace/aaa-team/development/lj/pitchUI-ver.0.8.7/phpInterface/server.php on line 166
[16-Apr-2019 08:07:15 UTC] PHP Parse error:  syntax error, unexpected end of file in /home/ubuntu/workspace/aaa-team/development/lj/pitchUI-ver.0.8.7/phpInterface/server.php on line 166
[16-Apr-2019 08:18:54 UTC] PHP Fatal error:  Call to undefined function fetch() in /home/ubuntu/workspace/aaa-team/development/lj/pitchUI-ver.0.8.7/phpInterface/server.php on line 115
[16-Apr-2019 08:18:54 UTC] PHP Stack trace:
[16-Apr-2019 08:18:54 UTC] PHP   1. {main}() /home/ubuntu/workspace/aaa-team/development/lj/pitchUI-ver.0.8.7/phpInterface/server.php:0
[16-Apr-2019 08:36:25 UTC] PHP Fatal error:  Uncaught exception 'mysqli_sql_exception' with message 'Commands out of sync; you can't run this command now' in /home/ubuntu/workspace/aaa-team/development/lj/pitchUI-ver.0.8.7/phpInterface/server.php:130
Stack trace:
#0 /home/ubuntu/workspace/aaa-team/development/lj/pitchUI-ver.0.8.7/phpInterface/server.php(130): mysqli->prepare('INSERT INTO `cl...')
#1 {main}
  thrown in /home/ubuntu/workspace/aaa-team/development/lj/pitchUI-ver.0.8.7/phpInterface/server.php on line 130
[16-Apr-2019 08:38:30 UTC] PHP Warning:  mysqli_stmt::close(): Couldn't fetch mysqli_stmt in /home/ubuntu/workspace/aaa-team/development/lj/pitchUI-ver.0.8.7/phpInterface/server.php on line 137
[16-Apr-2019 08:38:30 UTC] PHP Stack trace:
[16-Apr-2019 08:38:30 UTC] PHP   1. {main}() /home/ubuntu/workspace/aaa-team/development/lj/pitchUI-ver.0.8.7/phpInterface/server.php:0
[16-Apr-2019 08:38:30 UTC] PHP   2. mysqli_stmt->close() /home/ubuntu/workspace/aaa-team/development/lj/pitchUI-ver.0.8.7/phpInterface/server.php:137
[16-Apr-2019 08:40:36 UTC] PHP Warning:  mysqli_stmt::close(): Couldn't fetch mysqli_stmt in /home/ubuntu/workspace/aaa-team/development/lj/pitchUI-ver.0.8.7/phpInterface/server.php on line 138
[16-Apr-2019 08:40:36 UTC] PHP Stack trace:
[16-Apr-2019 08:40:36 UTC] PHP   1. {main}() /home/ubuntu/workspace/aaa-team/development/lj/pitchUI-ver.0.8.7/phpInterface/server.php:0
[16-Apr-2019 08:40:36 UTC] PHP   2. mysqli_stmt->close() /home/ubuntu/workspace/aaa-team/development/lj/pitchUI-ver.0.8.7/phpInterface/server.php:138
[16-Apr-2019 08:40:46 UTC] PHP Warning:  mysqli_stmt::close(): Couldn't fetch mysqli_stmt in /home/ubuntu/workspace/aaa-team/development/lj/pitchUI-ver.0.8.7/phpInterface/server.php on line 138
[16-Apr-2019 08:40:46 UTC] PHP Stack trace:
[16-Apr-2019 08:40:46 UTC] PHP   1. {main}() /home/ubuntu/workspace/aaa-team/development/lj/pitchUI-ver.0.8.7/phpInterface/server.php:0
[16-Apr-2019 08:40:46 UTC] PHP   2. mysqli_stmt->close() /home/ubuntu/workspace/aaa-team/development/lj/pitchUI-ver.0.8.7/phpInterface/server.php:138
[16-Apr-2019 08:41:50 UTC] PHP Warning:  mysqli_stmt::close(): Couldn't fetch mysqli_stmt in /home/ubuntu/workspace/aaa-team/development/lj/pitchUI-ver.0.8.7/phpInterface/server.php on line 138
[16-Apr-2019 08:41:50 UTC] PHP Stack trace:
[16-Apr-2019 08:41:50 UTC] PHP   1. {main}() /home/ubuntu/workspace/aaa-team/development/lj/pitchUI-ver.0.8.7/phpInterface/server.php:0
[16-Apr-2019 08:41:50 UTC] PHP   2. mysqli_stmt->close() /home/ubuntu/workspace/aaa-team/development/lj/pitchUI-ver.0.8.7/phpInterface/server.php:138
[17-Apr-2019 01:43:40 UTC] PHP Parse error:  syntax error, unexpected end of file in /home/ubuntu/workspace/aaa-team/development/lj/pitchUI-ver.0.8.7/phpInterface/server.php on line 145
[17-Apr-2019 01:43:40 UTC] PHP Parse error:  syntax error, unexpected end of file in /home/ubuntu/workspace/aaa-team/development/lj/pitchUI-ver.0.8.7/phpInterface/server.php on line 145
[22-Apr-2019 04:12:21 UTC] PHP Parse error:  syntax error, unexpected '$year' (T_VARIABLE) in /home/ubuntu/workspace/aaa-team/development/lj/pitchUI-ver.0.8.9/phpInterface/server_get.php on line 69
[24-Apr-2019 07:58:27 UTC] PHP Fatal error:  Cannot use try without catch or finally in /home/ubuntu/workspace/aaa-team/development/lj/pitchUI-ver.0.10.1/phpInterface/server.php on line 149
[24-Apr-2019 07:58:27 UTC] PHP Fatal error:  Cannot use try without catch or finally in /home/ubuntu/workspace/aaa-team/development/lj/pitchUI-ver.0.10.1/phpInterface/server.php on line 149
[24-Apr-2019 07:58:27 UTC] PHP Fatal error:  Cannot use try without catch or finally in /home/ubuntu/workspace/aaa-team/development/lj/pitchUI-ver.0.10.1/phpInterface/server.php on line 149
[24-Apr-2019 07:58:27 UTC] PHP Fatal error:  Cannot use try without catch or finally in /home/ubuntu/workspace/aaa-team/development/lj/pitchUI-ver.0.10.1/phpInterface/server.php on line 149
[24-Apr-2019 07:58:27 UTC] PHP Fatal error:  Cannot use try without catch or finally in /home/ubuntu/workspace/aaa-team/development/lj/pitchUI-ver.0.10.1/phpInterface/server.php on line 149
[24-Apr-2019 07:58:27 UTC] PHP Fatal error:  Cannot use try without catch or finally in /home/ubuntu/workspace/aaa-team/development/lj/pitchUI-ver.0.10.1/phpInterface/server.php on line 149
[24-Apr-2019 07:58:27 UTC] PHP Fatal error:  Cannot use try without catch or finally in /home/ubuntu/workspace/aaa-team/development/lj/pitchUI-ver.0.10.1/phpInterface/server.php on line 149
[24-Apr-2019 07:58:27 UTC] PHP Fatal error:  Cannot use try without catch or finally in /home/ubuntu/workspace/aaa-team/development/lj/pitchUI-ver.0.10.1/phpInterface/server.php on line 149
[24-Apr-2019 07:58:27 UTC] PHP Fatal error:  Cannot use try without catch or finally in /home/ubuntu/workspace/aaa-team/development/lj/pitchUI-ver.0.10.1/phpInterface/server.php on line 149
[24-Apr-2019 07:58:27 UTC] PHP Fatal error:  Cannot use try without catch or finally in /home/ubuntu/workspace/aaa-team/development/lj/pitchUI-ver.0.10.1/phpInterface/server.php on line 149
[24-Apr-2019 07:59:25 UTC] PHP Parse error:  syntax error, unexpected end of file in /home/ubuntu/workspace/aaa-team/development/lj/pitchUI-ver.0.10.1/phpInterface/server.php on line 159
[24-Apr-2019 07:59:25 UTC] PHP Parse error:  syntax error, unexpected end of file in /home/ubuntu/workspace/aaa-team/development/lj/pitchUI-ver.0.10.1/phpInterface/server.php on line 159
[24-Apr-2019 07:59:25 UTC] PHP Parse error:  syntax error, unexpected end of file in /home/ubuntu/workspace/aaa-team/development/lj/pitchUI-ver.0.10.1/phpInterface/server.php on line 159
[24-Apr-2019 07:59:25 UTC] PHP Parse error:  syntax error, unexpected end of file in /home/ubuntu/workspace/aaa-team/development/lj/pitchUI-ver.0.10.1/phpInterface/server.php on line 159
[24-Apr-2019 07:59:25 UTC] PHP Parse error:  syntax error, unexpected end of file in /home/ubuntu/workspace/aaa-team/development/lj/pitchUI-ver.0.10.1/phpInterface/server.php on line 159
[24-Apr-2019 07:59:25 UTC] PHP Parse error:  syntax error, unexpected end of file in /home/ubuntu/workspace/aaa-team/development/lj/pitchUI-ver.0.10.1/phpInterface/server.php on line 159
[24-Apr-2019 07:59:25 UTC] PHP Parse error:  syntax error, unexpected end of file in /home/ubuntu/workspace/aaa-team/development/lj/pitchUI-ver.0.10.1/phpInterface/server.php on line 159
[24-Apr-2019 07:59:25 UTC] PHP Parse error:  syntax error, unexpected end of file in /home/ubuntu/workspace/aaa-team/development/lj/pitchUI-ver.0.10.1/phpInterface/server.php on line 159
[24-Apr-2019 07:59:25 UTC] PHP Parse error:  syntax error, unexpected end of file in /home/ubuntu/workspace/aaa-team/development/lj/pitchUI-ver.0.10.1/phpInterface/server.php on line 159
[24-Apr-2019 07:59:26 UTC] PHP Parse error:  syntax error, unexpected end of file in /home/ubuntu/workspace/aaa-team/development/lj/pitchUI-ver.0.10.1/phpInterface/server.php on line 159
[24-Apr-2019 14:31:56 UTC] PHP Catchable fatal error:  Object of class stdClass could not be converted to string in /home/ubuntu/workspace/aaa-team/development/lj/pitchUI-ver.0.10.1/phpInterface/server.php on line 10
[24-Apr-2019 14:31:56 UTC] PHP Stack trace:
[24-Apr-2019 14:31:56 UTC] PHP   1. {main}() /home/ubuntu/workspace/aaa-team/development/lj/pitchUI-ver.0.10.1/phpInterface/server.php:0
[24-Apr-2019 14:31:56 UTC] PHP Catchable fatal error:  Object of class stdClass could not be converted to string in /home/ubuntu/workspace/aaa-team/development/lj/pitchUI-ver.0.10.1/phpInterface/server.php on line 10
[24-Apr-2019 14:31:56 UTC] PHP Stack trace:
[24-Apr-2019 14:31:56 UTC] PHP   1. {main}() /home/ubuntu/workspace/aaa-team/development/lj/pitchUI-ver.0.10.1/phpInterface/server.php:0
[26-Apr-2019 01:54:42 UTC] PHP Catchable fatal error:  Object of class stdClass could not be converted to string in /home/ubuntu/workspace/aaa-team/development/lj/pitchUI-ver.0.10.1/phpInterface/server.php on line 32
[26-Apr-2019 01:54:42 UTC] PHP Stack trace:
[26-Apr-2019 01:54:42 UTC] PHP   1. {main}() /home/ubuntu/workspace/aaa-team/development/lj/pitchUI-ver.0.10.1/phpInterface/server.php:0
[26-Apr-2019 01:54:43 UTC] PHP Catchable fatal error:  Object of class stdClass could not be converted to string in /home/ubuntu/workspace/aaa-team/development/lj/pitchUI-ver.0.10.1/phpInterface/server.php on line 32
[26-Apr-2019 01:54:43 UTC] PHP Stack trace:
[26-Apr-2019 01:54:43 UTC] PHP   1. {main}() /home/ubuntu/workspace/aaa-team/development/lj/pitchUI-ver.0.10.1/phpInterface/server.php:0
[26-Apr-2019 01:54:43 UTC] PHP Catchable fatal error:  Object of class stdClass could not be converted to string in /home/ubuntu/workspace/aaa-team/development/lj/pitchUI-ver.0.10.1/phpInterface/server.php on line 32
[26-Apr-2019 01:54:43 UTC] PHP Stack trace:
[26-Apr-2019 01:54:43 UTC] PHP   1. {main}() /home/ubuntu/workspace/aaa-team/development/lj/pitchUI-ver.0.10.1/phpInterface/server.php:0
[03-May-2019 00:34:53 UTC] PHP Fatal error:  Uncaught exception 'mysqli_sql_exception' with message 'Column 'pitchCount' cannot be null' in /home/ubuntu/workspace/aaa-team/development/lj/pitchUI-ver.0.10.4/phpInterface/server.php:142
Stack trace:
#0 /home/ubuntu/workspace/aaa-team/development/lj/pitchUI-ver.0.10.4/phpInterface/server.php(142): mysqli_stmt->execute()
#1 {main}
  thrown in /home/ubuntu/workspace/aaa-team/development/lj/pitchUI-ver.0.10.4/phpInterface/server.php on line 142
[03-May-2019 00:34:53 UTC] PHP Fatal error:  Uncaught exception 'mysqli_sql_exception' with message 'Column 'pitchCount' cannot be null' in /home/ubuntu/workspace/aaa-team/development/lj/pitchUI-ver.0.10.4/phpInterface/server.php:142
Stack trace:
#0 /home/ubuntu/workspace/aaa-team/development/lj/pitchUI-ver.0.10.4/phpInterface/server.php(142): mysqli_stmt->execute()
#1 {main}
  thrown in /home/ubuntu/workspace/aaa-team/development/lj/pitchUI-ver.0.10.4/phpInterface/server.php on line 142
[03-May-2019 00:34:54 UTC] PHP Fatal error:  Uncaught exception 'mysqli_sql_exception' with message 'Column 'pitchCount' cannot be null' in /home/ubuntu/workspace/aaa-team/development/lj/pitchUI-ver.0.10.4/phpInterface/server.php:142
Stack trace:
#0 /home/ubuntu/workspace/aaa-team/development/lj/pitchUI-ver.0.10.4/phpInterface/server.php(142): mysqli_stmt->execute()
#1 {main}
  thrown in /home/ubuntu/workspace/aaa-team/development/lj/pitchUI-ver.0.10.4/phpInterface/server.php on line 142
[03-May-2019 00:34:54 UTC] PHP Fatal error:  Uncaught exception 'mysqli_sql_exception' with message 'Column 'pitchCount' cannot be null' in /home/ubuntu/workspace/aaa-team/development/lj/pitchUI-ver.0.10.4/phpInterface/server.php:142
Stack trace:
#0 /home/ubuntu/workspace/aaa-team/development/lj/pitchUI-ver.0.10.4/phpInterface/server.php(142): mysqli_stmt->execute()
#1 {main}
  thrown in /home/ubuntu/workspace/aaa-team/development/lj/pitchUI-ver.0.10.4/phpInterface/server.php on line 142
[03-May-2019 00:34:54 UTC] PHP Fatal error:  Uncaught exception 'mysqli_sql_exception' with message 'Column 'pitchCount' cannot be null' in /home/ubuntu/workspace/aaa-team/development/lj/pitchUI-ver.0.10.4/phpInterface/server.php:142
Stack trace:
#0 /home/ubuntu/workspace/aaa-team/development/lj/pitchUI-ver.0.10.4/phpInterface/server.php(142): mysqli_stmt->execute()
#1 {main}
  thrown in /home/ubuntu/workspace/aaa-team/development/lj/pitchUI-ver.0.10.4/phpInterface/server.php on line 142
[03-May-2019 00:34:54 UTC] PHP Fatal error:  Uncaught exception 'mysqli_sql_exception' with message 'Column 'pitchCount' cannot be null' in /home/ubuntu/workspace/aaa-team/development/lj/pitchUI-ver.0.10.4/phpInterface/server.php:142
Stack trace:
#0 /home/ubuntu/workspace/aaa-team/development/lj/pitchUI-ver.0.10.4/phpInterface/server.php(142): mysqli_stmt->execute()
#1 {main}
  thrown in /home/ubuntu/workspace/aaa-team/development/lj/pitchUI-ver.0.10.4/phpInterface/server.php on line 142
[03-May-2019 00:34:55 UTC] PHP Fatal error:  Uncaught exception 'mysqli_sql_exception' with message 'Column 'pitchCount' cannot be null' in /home/ubuntu/workspace/aaa-team/development/lj/pitchUI-ver.0.10.4/phpInterface/server.php:142
Stack trace:
#0 /home/ubuntu/workspace/aaa-team/development/lj/pitchUI-ver.0.10.4/phpInterface/server.php(142): mysqli_stmt->execute()
#1 {main}
  thrown in /home/ubuntu/workspace/aaa-team/development/lj/pitchUI-ver.0.10.4/phpInterface/server.php on line 142
[03-May-2019 00:34:55 UTC] PHP Fatal error:  Uncaught exception 'mysqli_sql_exception' with message 'Column 'pitchCount' cannot be null' in /home/ubuntu/workspace/aaa-team/development/lj/pitchUI-ver.0.10.4/phpInterface/server.php:142
Stack trace:
#0 /home/ubuntu/workspace/aaa-team/development/lj/pitchUI-ver.0.10.4/phpInterface/server.php(142): mysqli_stmt->execute()
#1 {main}
  thrown in /home/ubuntu/workspace/aaa-team/development/lj/pitchUI-ver.0.10.4/phpInterface/server.php on line 142
[03-May-2019 00:34:55 UTC] PHP Fatal error:  Uncaught exception 'mysqli_sql_exception' with message 'Column 'pitchCount' cannot be null' in /home/ubuntu/workspace/aaa-team/development/lj/pitchUI-ver.0.10.4/phpInterface/server.php:142
Stack trace:
#0 /home/ubuntu/workspace/aaa-team/development/lj/pitchUI-ver.0.10.4/phpInterface/server.php(142): mysqli_stmt->execute()
#1 {main}
  thrown in /home/ubuntu/workspace/aaa-team/development/lj/pitchUI-ver.0.10.4/phpInterface/server.php on line 142
[03-May-2019 00:34:55 UTC] PHP Fatal error:  Uncaught exception 'mysqli_sql_exception' with message 'Column 'pitchCount' cannot be null' in /home/ubuntu/workspace/aaa-team/development/lj/pitchUI-ver.0.10.4/phpInterface/server.php:142
Stack trace:
#0 /home/ubuntu/workspace/aaa-team/development/lj/pitchUI-ver.0.10.4/phpInterface/server.php(142): mysqli_stmt->execute()
#1 {main}
  thrown in /home/ubuntu/workspace/aaa-team/development/lj/pitchUI-ver.0.10.4/phpInterface/server.php on line 142
[03-May-2019 00:34:55 UTC] PHP Fatal error:  Uncaught exception 'mysqli_sql_exception' with message 'Column 'pitchCount' cannot be null' in /home/ubuntu/workspace/aaa-team/development/lj/pitchUI-ver.0.10.4/phpInterface/server.php:142
Stack trace:
#0 /home/ubuntu/workspace/aaa-team/development/lj/pitchUI-ver.0.10.4/phpInterface/server.php(142): mysqli_stmt->execute()
#1 {main}
  thrown in /home/ubuntu/workspace/aaa-team/development/lj/pitchUI-ver.0.10.4/phpInterface/server.php on line 142
[03-May-2019 00:34:55 UTC] PHP Fatal error:  Uncaught exception 'mysqli_sql_exception' with message 'Column 'pitchCount' cannot be null' in /home/ubuntu/workspace/aaa-team/development/lj/pitchUI-ver.0.10.4/phpInterface/server.php:142
Stack trace:
#0 /home/ubuntu/workspace/aaa-team/development/lj/pitchUI-ver.0.10.4/phpInterface/server.php(142): mysqli_stmt->execute()
#1 {main}
  thrown in /home/ubuntu/workspace/aaa-team/development/lj/pitchUI-ver.0.10.4/phpInterface/server.php on line 142
[03-May-2019 00:34:57 UTC] PHP Fatal error:  Uncaught exception 'mysqli_sql_exception' with message 'Column 'pitchCount' cannot be null' in /home/ubuntu/workspace/aaa-team/development/lj/pitchUI-ver.0.10.4/phpInterface/server.php:142
Stack trace:
#0 /home/ubuntu/workspace/aaa-team/development/lj/pitchUI-ver.0.10.4/phpInterface/server.php(142): mysqli_stmt->execute()
#1 {main}
  thrown in /home/ubuntu/workspace/aaa-team/development/lj/pitchUI-ver.0.10.4/phpInterface/server.php on line 142
[03-May-2019 00:34:57 UTC] PHP Fatal error:  Uncaught exception 'mysqli_sql_exception' with message 'Column 'pitchCount' cannot be null' in /home/ubuntu/workspace/aaa-team/development/lj/pitchUI-ver.0.10.4/phpInterface/server.php:142
Stack trace:
#0 /home/ubuntu/workspace/aaa-team/development/lj/pitchUI-ver.0.10.4/phpInterface/server.php(142): mysqli_stmt->execute()
#1 {main}
  thrown in /home/ubuntu/workspace/aaa-team/development/lj/pitchUI-ver.0.10.4/phpInterface/server.php on line 142
[03-May-2019 00:34:57 UTC] PHP Fatal error:  Uncaught exception 'mysqli_sql_exception' with message 'Column 'pitchCount' cannot be null' in /home/ubuntu/workspace/aaa-team/development/lj/pitchUI-ver.0.10.4/phpInterface/server.php:142
Stack trace:
#0 /home/ubuntu/workspace/aaa-team/development/lj/pitchUI-ver.0.10.4/phpInterface/server.php(142): mysqli_stmt->execute()
#1 {main}
  thrown in /home/ubuntu/workspace/aaa-team/development/lj/pitchUI-ver.0.10.4/phpInterface/server.php on line 142
[03-May-2019 00:34:57 UTC] PHP Fatal error:  Uncaught exception 'mysqli_sql_exception' with message 'Column 'pitchCount' cannot be null' in /home/ubuntu/workspace/aaa-team/development/lj/pitchUI-ver.0.10.4/phpInterface/server.php:142
Stack trace:
#0 /home/ubuntu/workspace/aaa-team/development/lj/pitchUI-ver.0.10.4/phpInterface/server.php(142): mysqli_stmt->execute()
#1 {main}
  thrown in /home/ubuntu/workspace/aaa-team/development/lj/pitchUI-ver.0.10.4/phpInterface/server.php on line 142
[03-May-2019 00:34:57 UTC] PHP Fatal error:  Uncaught exception 'mysqli_sql_exception' with message 'Column 'pitchCount' cannot be null' in /home/ubuntu/workspace/aaa-team/development/lj/pitchUI-ver.0.10.4/phpInterface/server.php:142
Stack trace:
#0 /home/ubuntu/workspace/aaa-team/development/lj/pitchUI-ver.0.10.4/phpInterface/server.php(142): mysqli_stmt->execute()
#1 {main}
  thrown in /home/ubuntu/workspace/aaa-team/development/lj/pitchUI-ver.0.10.4/phpInterface/server.php on line 142
[03-May-2019 00:34:57 UTC] PHP Fatal error:  Uncaught exception 'mysqli_sql_exception' with message 'Column 'pitchCount' cannot be null' in /home/ubuntu/workspace/aaa-team/development/lj/pitchUI-ver.0.10.4/phpInterface/server.php:142
Stack trace:
#0 /home/ubuntu/workspace/aaa-team/development/lj/pitchUI-ver.0.10.4/phpInterface/server.php(142): mysqli_stmt->execute()
#1 {main}
  thrown in /home/ubuntu/workspace/aaa-team/development/lj/pitchUI-ver.0.10.4/phpInterface/server.php on line 142
[03-May-2019 00:34:57 UTC] PHP Fatal error:  Uncaught exception 'mysqli_sql_exception' with message 'Column 'pitchCount' cannot be null' in /home/ubuntu/workspace/aaa-team/development/lj/pitchUI-ver.0.10.4/phpInterface/server.php:142
Stack trace:
#0 /home/ubuntu/workspace/aaa-team/development/lj/pitchUI-ver.0.10.4/phpInterface/server.php(142): mysqli_stmt->execute()
#1 {main}
  thrown in /home/ubuntu/workspace/aaa-team/development/lj/pitchUI-ver.0.10.4/phpInterface/server.php on line 142
[03-May-2019 00:34:57 UTC] PHP Fatal error:  Uncaught exception 'mysqli_sql_exception' with message 'Column 'pitchCount' cannot be null' in /home/ubuntu/workspace/aaa-team/development/lj/pitchUI-ver.0.10.4/phpInterface/server.php:142
Stack trace:
#0 /home/ubuntu/workspace/aaa-team/development/lj/pitchUI-ver.0.10.4/phpInterface/server.php(142): mysqli_stmt->execute()
#1 {main}
  thrown in /home/ubuntu/workspace/aaa-team/development/lj/pitchUI-ver.0.10.4/phpInterface/server.php on line 142
[03-May-2019 00:34:58 UTC] PHP Fatal error:  Uncaught exception 'mysqli_sql_exception' with message 'Column 'pitchCount' cannot be null' in /home/ubuntu/workspace/aaa-team/development/lj/pitchUI-ver.0.10.4/phpInterface/server.php:142
Stack trace:
#0 /home/ubuntu/workspace/aaa-team/development/lj/pitchUI-ver.0.10.4/phpInterface/server.php(142): mysqli_stmt->execute()
#1 {main}
  thrown in /home/ubuntu/workspace/aaa-team/development/lj/pitchUI-ver.0.10.4/phpInterface/server.php on line 142
[03-May-2019 00:34:58 UTC] PHP Fatal error:  Uncaught exception 'mysqli_sql_exception' with message 'Column 'pitchCount' cannot be null' in /home/ubuntu/workspace/aaa-team/development/lj/pitchUI-ver.0.10.4/phpInterface/server.php:142
Stack trace:
#0 /home/ubuntu/workspace/aaa-team/development/lj/pitchUI-ver.0.10.4/phpInterface/server.php(142): mysqli_stmt->execute()
#1 {main}
  thrown in /home/ubuntu/workspace/aaa-team/development/lj/pitchUI-ver.0.10.4/phpInterface/server.php on line 142
[03-May-2019 00:34:58 UTC] PHP Fatal error:  Uncaught exception 'mysqli_sql_exception' with message 'Column 'pitchCount' cannot be null' in /home/ubuntu/workspace/aaa-team/development/lj/pitchUI-ver.0.10.4/phpInterface/server.php:142
Stack trace:
#0 /home/ubuntu/workspace/aaa-team/development/lj/pitchUI-ver.0.10.4/phpInterface/server.php(142): mysqli_stmt->execute()
#1 {main}
  thrown in /home/ubuntu/workspace/aaa-team/development/lj/pitchUI-ver.0.10.4/phpInterface/server.php on line 142
[03-May-2019 00:34:58 UTC] PHP Fatal error:  Uncaught exception 'mysqli_sql_exception' with message 'Column 'pitchCount' cannot be null' in /home/ubuntu/workspace/aaa-team/development/lj/pitchUI-ver.0.10.4/phpInterface/server.php:142
Stack trace:
#0 /home/ubuntu/workspace/aaa-team/development/lj/pitchUI-ver.0.10.4/phpInterface/server.php(142): mysqli_stmt->execute()
#1 {main}
  thrown in /home/ubuntu/workspace/aaa-team/development/lj/pitchUI-ver.0.10.4/phpInterface/server.php on line 142
[03-May-2019 00:34:58 UTC] PHP Fatal error:  Uncaught exception 'mysqli_sql_exception' with message 'Column 'pitchCount' cannot be null' in /home/ubuntu/workspace/aaa-team/development/lj/pitchUI-ver.0.10.4/phpInterface/server.php:142
Stack trace:
#0 /home/ubuntu/workspace/aaa-team/development/lj/pitchUI-ver.0.10.4/phpInterface/server.php(142): mysqli_stmt->execute()
#1 {main}
  thrown in /home/ubuntu/workspace/aaa-team/development/lj/pitchUI-ver.0.10.4/phpInterface/server.php on line 142
[03-May-2019 00:34:58 UTC] PHP Fatal error:  Uncaught exception 'mysqli_sql_exception' with message 'Column 'pitchCount' cannot be null' in /home/ubuntu/workspace/aaa-team/development/lj/pitchUI-ver.0.10.4/phpInterface/server.php:142
Stack trace:
#0 /home/ubuntu/workspace/aaa-team/development/lj/pitchUI-ver.0.10.4/phpInterface/server.php(142): mysqli_stmt->execute()
#1 {main}
  thrown in /home/ubuntu/workspace/aaa-team/development/lj/pitchUI-ver.0.10.4/phpInterface/server.php on line 142
[03-May-2019 00:34:58 UTC] PHP Fatal error:  Uncaught exception 'mysqli_sql_exception' with message 'Column 'pitchCount' cannot be null' in /home/ubuntu/workspace/aaa-team/development/lj/pitchUI-ver.0.10.4/phpInterface/server.php:142
Stack trace:
#0 /home/ubuntu/workspace/aaa-team/development/lj/pitchUI-ver.0.10.4/phpInterface/server.php(142): mysqli_stmt->execute()
#1 {main}
  thrown in /home/ubuntu/workspace/aaa-team/development/lj/pitchUI-ver.0.10.4/phpInterface/server.php on line 142
[03-May-2019 00:34:58 UTC] PHP Fatal error:  Uncaught exception 'mysqli_sql_exception' with message 'Column 'pitchCount' cannot be null' in /home/ubuntu/workspace/aaa-team/development/lj/pitchUI-ver.0.10.4/phpInterface/server.php:142
Stack trace:
#0 /home/ubuntu/workspace/aaa-team/development/lj/pitchUI-ver.0.10.4/phpInterface/server.php(142): mysqli_stmt->execute()
#1 {main}
  thrown in /home/ubuntu/workspace/aaa-team/development/lj/pitchUI-ver.0.10.4/phpInterface/server.php on line 142
[03-May-2019 00:34:58 UTC] PHP Fatal error:  Uncaught exception 'mysqli_sql_exception' with message 'Column 'pitchCount' cannot be null' in /home/ubuntu/workspace/aaa-team/development/lj/pitchUI-ver.0.10.4/phpInterface/server.php:142
Stack trace:
#0 /home/ubuntu/workspace/aaa-team/development/lj/pitchUI-ver.0.10.4/phpInterface/server.php(142): mysqli_stmt->execute()
#1 {main}
  thrown in /home/ubuntu/workspace/aaa-team/development/lj/pitchUI-ver.0.10.4/phpInterface/server.php on line 142
[03-May-2019 00:34:58 UTC] PHP Fatal error:  Uncaught exception 'mysqli_sql_exception' with message 'Column 'pitchCount' cannot be null' in /home/ubuntu/workspace/aaa-team/development/lj/pitchUI-ver.0.10.4/phpInterface/server.php:142
Stack trace:
#0 /home/ubuntu/workspace/aaa-team/development/lj/pitchUI-ver.0.10.4/phpInterface/server.php(142): mysqli_stmt->execute()
#1 {main}
  thrown in /home/ubuntu/workspace/aaa-team/development/lj/pitchUI-ver.0.10.4/phpInterface/server.php on line 142
[03-May-2019 00:34:58 UTC] PHP Fatal error:  Uncaught exception 'mysqli_sql_exception' with message 'Column 'pitchCount' cannot be null' in /home/ubuntu/workspace/aaa-team/development/lj/pitchUI-ver.0.10.4/phpInterface/server.php:142
Stack trace:
#0 /home/ubuntu/workspace/aaa-team/development/lj/pitchUI-ver.0.10.4/phpInterface/server.php(142): mysqli_stmt->execute()
#1 {main}
  thrown in /home/ubuntu/workspace/aaa-team/development/lj/pitchUI-ver.0.10.4/phpInterface/server.php on line 142
[03-May-2019 00:34:58 UTC] PHP Fatal error:  Uncaught exception 'mysqli_sql_exception' with message 'Column 'pitchCount' cannot be null' in /home/ubuntu/workspace/aaa-team/development/lj/pitchUI-ver.0.10.4/phpInterface/server.php:142
Stack trace:
#0 /home/ubuntu/workspace/aaa-team/development/lj/pitchUI-ver.0.10.4/phpInterface/server.php(142): mysqli_stmt->execute()
#1 {main}
  thrown in /home/ubuntu/workspace/aaa-team/development/lj/pitchUI-ver.0.10.4/phpInterface/server.php on line 142
[03-May-2019 00:34:59 UTC] PHP Fatal error:  Uncaught exception 'mysqli_sql_exception' with message 'Column 'pitchCount' cannot be null' in /home/ubuntu/workspace/aaa-team/development/lj/pitchUI-ver.0.10.4/phpInterface/server.php:142
Stack trace:
#0 /home/ubuntu/workspace/aaa-team/development/lj/pitchUI-ver.0.10.4/phpInterface/server.php(142): mysqli_stmt->execute()
#1 {main}
  thrown in /home/ubuntu/workspace/aaa-team/development/lj/pitchUI-ver.0.10.4/phpInterface/server.php on line 142
[03-May-2019 00:34:59 UTC] PHP Fatal error:  Uncaught exception 'mysqli_sql_exception' with message 'Column 'pitchCount' cannot be null' in /home/ubuntu/workspace/aaa-team/development/lj/pitchUI-ver.0.10.4/phpInterface/server.php:142
Stack trace:
#0 /home/ubuntu/workspace/aaa-team/development/lj/pitchUI-ver.0.10.4/phpInterface/server.php(142): mysqli_stmt->execute()
#1 {main}
  thrown in /home/ubuntu/workspace/aaa-team/development/lj/pitchUI-ver.0.10.4/phpInterface/server.php on line 142
[03-May-2019 00:34:59 UTC] PHP Fatal error:  Uncaught exception 'mysqli_sql_exception' with message 'Column 'pitchCount' cannot be null' in /home/ubuntu/workspace/aaa-team/development/lj/pitchUI-ver.0.10.4/phpInterface/server.php:142
Stack trace:
#0 /home/ubuntu/workspace/aaa-team/development/lj/pitchUI-ver.0.10.4/phpInterface/server.php(142): mysqli_stmt->execute()
#1 {main}
  thrown in /home/ubuntu/workspace/aaa-team/development/lj/pitchUI-ver.0.10.4/phpInterface/server.php on line 142
[03-May-2019 00:34:59 UTC] PHP Fatal error:  Uncaught exception 'mysqli_sql_exception' with message 'Column 'pitchCount' cannot be null' in /home/ubuntu/workspace/aaa-team/development/lj/pitchUI-ver.0.10.4/phpInterface/server.php:142
Stack trace:
#0 /home/ubuntu/workspace/aaa-team/development/lj/pitchUI-ver.0.10.4/phpInterface/server.php(142): mysqli_stmt->execute()
#1 {main}
  thrown in /home/ubuntu/workspace/aaa-team/development/lj/pitchUI-ver.0.10.4/phpInterface/server.php on line 142
[03-May-2019 00:34:59 UTC] PHP Fatal error:  Uncaught exception 'mysqli_sql_exception' with message 'Column 'pitchCount' cannot be null' in /home/ubuntu/workspace/aaa-team/development/lj/pitchUI-ver.0.10.4/phpInterface/server.php:142
Stack trace:
#0 /home/ubuntu/workspace/aaa-team/development/lj/pitchUI-ver.0.10.4/phpInterface/server.php(142): mysqli_stmt->execute()
#1 {main}
  thrown in /home/ubuntu/workspace/aaa-team/development/lj/pitchUI-ver.0.10.4/phpInterface/server.php on line 142
[03-May-2019 00:34:59 UTC] PHP Fatal error:  Uncaught exception 'mysqli_sql_exception' with message 'Column 'pitchCount' cannot be null' in /home/ubuntu/workspace/aaa-team/development/lj/pitchUI-ver.0.10.4/phpInterface/server.php:142
Stack trace:
#0 /home/ubuntu/workspace/aaa-team/development/lj/pitchUI-ver.0.10.4/phpInterface/server.php(142): mysqli_stmt->execute()
#1 {main}
  thrown in /home/ubuntu/workspace/aaa-team/development/lj/pitchUI-ver.0.10.4/phpInterface/server.php on line 142
[03-May-2019 00:34:59 UTC] PHP Fatal error:  Uncaught exception 'mysqli_sql_exception' with message 'Column 'pitchCount' cannot be null' in /home/ubuntu/workspace/aaa-team/development/lj/pitchUI-ver.0.10.4/phpInterface/server.php:142
Stack trace:
#0 /home/ubuntu/workspace/aaa-team/development/lj/pitchUI-ver.0.10.4/phpInterface/server.php(142): mysqli_stmt->execute()
#1 {main}
  thrown in /home/ubuntu/workspace/aaa-team/development/lj/pitchUI-ver.0.10.4/phpInterface/server.php on line 142
[03-May-2019 00:34:59 UTC] PHP Fatal error:  Uncaught exception 'mysqli_sql_exception' with message 'Column 'pitchCount' cannot be null' in /home/ubuntu/workspace/aaa-team/development/lj/pitchUI-ver.0.10.4/phpInterface/server.php:142
Stack trace:
#0 /home/ubuntu/workspace/aaa-team/development/lj/pitchUI-ver.0.10.4/phpInterface/server.php(142): mysqli_stmt->execute()
#1 {main}
  thrown in /home/ubuntu/workspace/aaa-team/development/lj/pitchUI-ver.0.10.4/phpInterface/server.php on line 142
[03-May-2019 00:34:59 UTC] PHP Fatal error:  Uncaught exception 'mysqli_sql_exception' with message 'Column 'pitchCount' cannot be null' in /home/ubuntu/workspace/aaa-team/development/lj/pitchUI-ver.0.10.4/phpInterface/server.php:142
Stack trace:
#0 /home/ubuntu/workspace/aaa-team/development/lj/pitchUI-ver.0.10.4/phpInterface/server.php(142): mysqli_stmt->execute()
#1 {main}
  thrown in /home/ubuntu/workspace/aaa-team/development/lj/pitchUI-ver.0.10.4/phpInterface/server.php on line 142
[03-May-2019 00:34:59 UTC] PHP Fatal error:  Uncaught exception 'mysqli_sql_exception' with message 'Column 'pitchCount' cannot be null' in /home/ubuntu/workspace/aaa-team/development/lj/pitchUI-ver.0.10.4/phpInterface/server.php:142
Stack trace:
#0 /home/ubuntu/workspace/aaa-team/development/lj/pitchUI-ver.0.10.4/phpInterface/server.php(142): mysqli_stmt->execute()
#1 {main}
  thrown in /home/ubuntu/workspace/aaa-team/development/lj/pitchUI-ver.0.10.4/phpInterface/server.php on line 142
[03-May-2019 00:35:00 UTC] PHP Fatal error:  Uncaught exception 'mysqli_sql_exception' with message 'Column 'pitchCount' cannot be null' in /home/ubuntu/workspace/aaa-team/development/lj/pitchUI-ver.0.10.4/phpInterface/server.php:142
Stack trace:
#0 /home/ubuntu/workspace/aaa-team/development/lj/pitchUI-ver.0.10.4/phpInterface/server.php(142): mysqli_stmt->execute()
#1 {main}
  thrown in /home/ubuntu/workspace/aaa-team/development/lj/pitchUI-ver.0.10.4/phpInterface/server.php on line 142
[03-May-2019 00:35:00 UTC] PHP Fatal error:  Uncaught exception 'mysqli_sql_exception' with message 'Column 'pitchCount' cannot be null' in /home/ubuntu/workspace/aaa-team/development/lj/pitchUI-ver.0.10.4/phpInterface/server.php:142
Stack trace:
#0 /home/ubuntu/workspace/aaa-team/development/lj/pitchUI-ver.0.10.4/phpInterface/server.php(142): mysqli_stmt->execute()
#1 {main}
  thrown in /home/ubuntu/workspace/aaa-team/development/lj/pitchUI-ver.0.10.4/phpInterface/server.php on line 142
[03-May-2019 00:35:00 UTC] PHP Fatal error:  Uncaught exception 'mysqli_sql_exception' with message 'Column 'pitchCount' cannot be null' in /home/ubuntu/workspace/aaa-team/development/lj/pitchUI-ver.0.10.4/phpInterface/server.php:142
Stack trace:
#0 /home/ubuntu/workspace/aaa-team/development/lj/pitchUI-ver.0.10.4/phpInterface/server.php(142): mysqli_stmt->execute()
#1 {main}
  thrown in /home/ubuntu/workspace/aaa-team/development/lj/pitchUI-ver.0.10.4/phpInterface/server.php on line 142
[03-May-2019 00:35:00 UTC] PHP Fatal error:  Uncaught exception 'mysqli_sql_exception' with message 'Column 'pitchCount' cannot be null' in /home/ubuntu/workspace/aaa-team/development/lj/pitchUI-ver.0.10.4/phpInterface/server.php:142
Stack trace:
#0 /home/ubuntu/workspace/aaa-team/development/lj/pitchUI-ver.0.10.4/phpInterface/server.php(142): mysqli_stmt->execute()
#1 {main}
  thrown in /home/ubuntu/workspace/aaa-team/development/lj/pitchUI-ver.0.10.4/phpInterface/server.php on line 142
[03-May-2019 00:35:00 UTC] PHP Fatal error:  Uncaught exception 'mysqli_sql_exception' with message 'Column 'pitchCount' cannot be null' in /home/ubuntu/workspace/aaa-team/development/lj/pitchUI-ver.0.10.4/phpInterface/server.php:142
Stack trace:
#0 /home/ubuntu/workspace/aaa-team/development/lj/pitchUI-ver.0.10.4/phpInterface/server.php(142): mysqli_stmt->execute()
#1 {main}
  thrown in /home/ubuntu/workspace/aaa-team/development/lj/pitchUI-ver.0.10.4/phpInterface/server.php on line 142
[03-May-2019 00:35:00 UTC] PHP Fatal error:  Uncaught exception 'mysqli_sql_exception' with message 'Column 'pitchCount' cannot be null' in /home/ubuntu/workspace/aaa-team/development/lj/pitchUI-ver.0.10.4/phpInterface/server.php:142
Stack trace:
#0 /home/ubuntu/workspace/aaa-team/development/lj/pitchUI-ver.0.10.4/phpInterface/server.php(142): mysqli_stmt->execute()
#1 {main}
  thrown in /home/ubuntu/workspace/aaa-team/development/lj/pitchUI-ver.0.10.4/phpInterface/server.php on line 142
[03-May-2019 00:35:01 UTC] PHP Fatal error:  Uncaught exception 'mysqli_sql_exception' with message 'Column 'pitchCount' cannot be null' in /home/ubuntu/workspace/aaa-team/development/lj/pitchUI-ver.0.10.4/phpInterface/server.php:142
Stack trace:
#0 /home/ubuntu/workspace/aaa-team/development/lj/pitchUI-ver.0.10.4/phpInterface/server.php(142): mysqli_stmt->execute()
#1 {main}
  thrown in /home/ubuntu/workspace/aaa-team/development/lj/pitchUI-ver.0.10.4/phpInterface/server.php on line 142
[03-May-2019 00:35:01 UTC] PHP Fatal error:  Uncaught exception 'mysqli_sql_exception' with message 'Column 'pitchCount' cannot be null' in /home/ubuntu/workspace/aaa-team/development/lj/pitchUI-ver.0.10.4/phpInterface/server.php:142
Stack trace:
#0 /home/ubuntu/workspace/aaa-team/development/lj/pitchUI-ver.0.10.4/phpInterface/server.php(142): mysqli_stmt->execute()
#1 {main}
  thrown in /home/ubuntu/workspace/aaa-team/development/lj/pitchUI-ver.0.10.4/phpInterface/server.php on line 142
[03-May-2019 00:35:01 UTC] PHP Fatal error:  Uncaught exception 'mysqli_sql_exception' with message 'Column 'pitchCount' cannot be null' in /home/ubuntu/workspace/aaa-team/development/lj/pitchUI-ver.0.10.4/phpInterface/server.php:142
Stack trace:
#0 /home/ubuntu/workspace/aaa-team/development/lj/pitchUI-ver.0.10.4/phpInterface/server.php(142): mysqli_stmt->execute()
#1 {main}
  thrown in /home/ubuntu/workspace/aaa-team/development/lj/pitchUI-ver.0.10.4/phpInterface/server.php on line 142
[03-May-2019 00:35:01 UTC] PHP Fatal error:  Uncaught exception 'mysqli_sql_exception' with message 'Column 'pitchCount' cannot be null' in /home/ubuntu/workspace/aaa-team/development/lj/pitchUI-ver.0.10.4/phpInterface/server.php:142
Stack trace:
#0 /home/ubuntu/workspace/aaa-team/development/lj/pitchUI-ver.0.10.4/phpInterface/server.php(142): mysqli_stmt->execute()
#1 {main}
  thrown in /home/ubuntu/workspace/aaa-team/development/lj/pitchUI-ver.0.10.4/phpInterface/server.php on line 142
[03-May-2019 00:35:01 UTC] PHP Fatal error:  Uncaught exception 'mysqli_sql_exception' with message 'Column 'pitchCount' cannot be null' in /home/ubuntu/workspace/aaa-team/development/lj/pitchUI-ver.0.10.4/phpInterface/server.php:142
Stack trace:
#0 /home/ubuntu/workspace/aaa-team/development/lj/pitchUI-ver.0.10.4/phpInterface/server.php(142): mysqli_stmt->execute()
#1 {main}
  thrown in /home/ubuntu/workspace/aaa-team/development/lj/pitchUI-ver.0.10.4/phpInterface/server.php on line 142
[03-May-2019 00:35:01 UTC] PHP Fatal error:  Uncaught exception 'mysqli_sql_exception' with message 'Column 'pitchCount' cannot be null' in /home/ubuntu/workspace/aaa-team/development/lj/pitchUI-ver.0.10.4/phpInterface/server.php:142
Stack trace:
#0 /home/ubuntu/workspace/aaa-team/development/lj/pitchUI-ver.0.10.4/phpInterface/server.php(142): mysqli_stmt->execute()
#1 {main}
  thrown in /home/ubuntu/workspace/aaa-team/development/lj/pitchUI-ver.0.10.4/phpInterface/server.php on line 142
[03-May-2019 00:35:01 UTC] PHP Fatal error:  Uncaught exception 'mysqli_sql_exception' with message 'Column 'pitchCount' cannot be null' in /home/ubuntu/workspace/aaa-team/development/lj/pitchUI-ver.0.10.4/phpInterface/server.php:142
Stack trace:
#0 /home/ubuntu/workspace/aaa-team/development/lj/pitchUI-ver.0.10.4/phpInterface/server.php(142): mysqli_stmt->execute()
#1 {main}
  thrown in /home/ubuntu/workspace/aaa-team/development/lj/pitchUI-ver.0.10.4/phpInterface/server.php on line 142
[03-May-2019 00:35:01 UTC] PHP Fatal error:  Uncaught exception 'mysqli_sql_exception' with message 'Column 'pitchCount' cannot be null' in /home/ubuntu/workspace/aaa-team/development/lj/pitchUI-ver.0.10.4/phpInterface/server.php:142
Stack trace:
#0 /home/ubuntu/workspace/aaa-team/development/lj/pitchUI-ver.0.10.4/phpInterface/server.php(142): mysqli_stmt->execute()
#1 {main}
  thrown in /home/ubuntu/workspace/aaa-team/development/lj/pitchUI-ver.0.10.4/phpInterface/server.php on line 142
[03-May-2019 00:35:02 UTC] PHP Fatal error:  Uncaught exception 'mysqli_sql_exception' with message 'Column 'pitchCount' cannot be null' in /home/ubuntu/workspace/aaa-team/development/lj/pitchUI-ver.0.10.4/phpInterface/server.php:142
Stack trace:
#0 /home/ubuntu/workspace/aaa-team/development/lj/pitchUI-ver.0.10.4/phpInterface/server.php(142): mysqli_stmt->execute()
#1 {main}
  thrown in /home/ubuntu/workspace/aaa-team/development/lj/pitchUI-ver.0.10.4/phpInterface/server.php on line 142
[03-May-2019 00:35:02 UTC] PHP Fatal error:  Uncaught exception 'mysqli_sql_exception' with message 'Column 'pitchCount' cannot be null' in /home/ubuntu/workspace/aaa-team/development/lj/pitchUI-ver.0.10.4/phpInterface/server.php:142
Stack trace:
#0 /home/ubuntu/workspace/aaa-team/development/lj/pitchUI-ver.0.10.4/phpInterface/server.php(142): mysqli_stmt->execute()
#1 {main}
  thrown in /home/ubuntu/workspace/aaa-team/development/lj/pitchUI-ver.0.10.4/phpInterface/server.php on line 142
[03-May-2019 00:35:02 UTC] PHP Fatal error:  Uncaught exception 'mysqli_sql_exception' with message 'Column 'pitchCount' cannot be null' in /home/ubuntu/workspace/aaa-team/development/lj/pitchUI-ver.0.10.4/phpInterface/server.php:142
Stack trace:
#0 /home/ubuntu/workspace/aaa-team/development/lj/pitchUI-ver.0.10.4/phpInterface/server.php(142): mysqli_stmt->execute()
#1 {main}
  thrown in /home/ubuntu/workspace/aaa-team/development/lj/pitchUI-ver.0.10.4/phpInterface/server.php on line 142
[03-May-2019 00:35:02 UTC] PHP Fatal error:  Uncaught exception 'mysqli_sql_exception' with message 'Column 'pitchCount' cannot be null' in /home/ubuntu/workspace/aaa-team/development/lj/pitchUI-ver.0.10.4/phpInterface/server.php:142
Stack trace:
#0 /home/ubuntu/workspace/aaa-team/development/lj/pitchUI-ver.0.10.4/phpInterface/server.php(142): mysqli_stmt->execute()
#1 {main}
  thrown in /home/ubuntu/workspace/aaa-team/development/lj/pitchUI-ver.0.10.4/phpInterface/server.php on line 142
[03-May-2019 00:35:02 UTC] PHP Fatal error:  Uncaught exception 'mysqli_sql_exception' with message 'Column 'pitchCount' cannot be null' in /home/ubuntu/workspace/aaa-team/development/lj/pitchUI-ver.0.10.4/phpInterface/server.php:142
Stack trace:
#0 /home/ubuntu/workspace/aaa-team/development/lj/pitchUI-ver.0.10.4/phpInterface/server.php(142): mysqli_stmt->execute()
#1 {main}
  thrown in /home/ubuntu/workspace/aaa-team/development/lj/pitchUI-ver.0.10.4/phpInterface/server.php on line 142
[03-May-2019 00:35:02 UTC] PHP Fatal error:  Uncaught exception 'mysqli_sql_exception' with message 'Column 'pitchCount' cannot be null' in /home/ubuntu/workspace/aaa-team/development/lj/pitchUI-ver.0.10.4/phpInterface/server.php:142
Stack trace:
#0 /home/ubuntu/workspace/aaa-team/development/lj/pitchUI-ver.0.10.4/phpInterface/server.php(142): mysqli_stmt->execute()
#1 {main}
  thrown in /home/ubuntu/workspace/aaa-team/development/lj/pitchUI-ver.0.10.4/phpInterface/server.php on line 142
[05-May-2019 00:55:42 UTC] PHP Fatal error:  Uncaught exception 'mysqli_sql_exception' with message 'Column 'pitchCount' cannot be null' in /home/ubuntu/workspace/aaa-team/development/lj/pitchUI-ver.0.10.5/phpInterface/server.php:142
Stack trace:
#0 /home/ubuntu/workspace/aaa-team/development/lj/pitchUI-ver.0.10.5/phpInterface/server.php(142): mysqli_stmt->execute()
#1 {main}
  thrown in /home/ubuntu/workspace/aaa-team/development/lj/pitchUI-ver.0.10.5/phpInterface/server.php on line 142
[05-May-2019 00:55:42 UTC] PHP Fatal error:  Uncaught exception 'mysqli_sql_exception' with message 'Column 'pitchCount' cannot be null' in /home/ubuntu/workspace/aaa-team/development/lj/pitchUI-ver.0.10.5/phpInterface/server.php:142
Stack trace:
#0 /home/ubuntu/workspace/aaa-team/development/lj/pitchUI-ver.0.10.5/phpInterface/server.php(142): mysqli_stmt->execute()
#1 {main}
  thrown in /home/ubuntu/workspace/aaa-team/development/lj/pitchUI-ver.0.10.5/phpInterface/server.php on line 142
[05-May-2019 00:55:42 UTC] PHP Fatal error:  Uncaught exception 'mysqli_sql_exception' with message 'Column 'pitchCount' cannot be null' in /home/ubuntu/workspace/aaa-team/development/lj/pitchUI-ver.0.10.5/phpInterface/server.php:142
Stack trace:
#0 /home/ubuntu/workspace/aaa-team/development/lj/pitchUI-ver.0.10.5/phpInterface/server.php(142): mysqli_stmt->execute()
#1 {main}
  thrown in /home/ubuntu/workspace/aaa-team/development/lj/pitchUI-ver.0.10.5/phpInterface/server.php on line 142
[05-May-2019 00:55:42 UTC] PHP Fatal error:  Uncaught exception 'mysqli_sql_exception' with message 'Column 'pitchCount' cannot be null' in /home/ubuntu/workspace/aaa-team/development/lj/pitchUI-ver.0.10.5/phpInterface/server.php:142
Stack trace:
#0 /home/ubuntu/workspace/aaa-team/development/lj/pitchUI-ver.0.10.5/phpInterface/server.php(142): mysqli_stmt->execute()
#1 {main}
  thrown in /home/ubuntu/workspace/aaa-team/development/lj/pitchUI-ver.0.10.5/phpInterface/server.php on line 142
[05-May-2019 00:55:43 UTC] PHP Fatal error:  Uncaught exception 'mysqli_sql_exception' with message 'Column 'pitchCount' cannot be null' in /home/ubuntu/workspace/aaa-team/development/lj/pitchUI-ver.0.10.5/phpInterface/server.php:142
Stack trace:
#0 /home/ubuntu/workspace/aaa-team/development/lj/pitchUI-ver.0.10.5/phpInterface/server.php(142): mysqli_stmt->execute()
#1 {main}
  thrown in /home/ubuntu/workspace/aaa-team/development/lj/pitchUI-ver.0.10.5/phpInterface/server.php on line 142
[05-May-2019 00:55:43 UTC] PHP Fatal error:  Uncaught exception 'mysqli_sql_exception' with message 'Column 'pitchCount' cannot be null' in /home/ubuntu/workspace/aaa-team/development/lj/pitchUI-ver.0.10.5/phpInterface/server.php:142
Stack trace:
#0 /home/ubuntu/workspace/aaa-team/development/lj/pitchUI-ver.0.10.5/phpInterface/server.php(142): mysqli_stmt->execute()
#1 {main}
  thrown in /home/ubuntu/workspace/aaa-team/development/lj/pitchUI-ver.0.10.5/phpInterface/server.php on line 142
[05-May-2019 00:55:43 UTC] PHP Fatal error:  Uncaught exception 'mysqli_sql_exception' with message 'Column 'pitchCount' cannot be null' in /home/ubuntu/workspace/aaa-team/development/lj/pitchUI-ver.0.10.5/phpInterface/server.php:142
Stack trace:
#0 /home/ubuntu/workspace/aaa-team/development/lj/pitchUI-ver.0.10.5/phpInterface/server.php(142): mysqli_stmt->execute()
#1 {main}
  thrown in /home/ubuntu/workspace/aaa-team/development/lj/pitchUI-ver.0.10.5/phpInterface/server.php on line 142
[05-May-2019 00:55:43 UTC] PHP Fatal error:  Uncaught exception 'mysqli_sql_exception' with message 'Column 'pitchCount' cannot be null' in /home/ubuntu/workspace/aaa-team/development/lj/pitchUI-ver.0.10.5/phpInterface/server.php:142
Stack trace:
#0 /home/ubuntu/workspace/aaa-team/development/lj/pitchUI-ver.0.10.5/phpInterface/server.php(142): mysqli_stmt->execute()
#1 {main}
  thrown in /home/ubuntu/workspace/aaa-team/development/lj/pitchUI-ver.0.10.5/phpInterface/server.php on line 142
[05-May-2019 00:55:43 UTC] PHP Fatal error:  Uncaught exception 'mysqli_sql_exception' with message 'Column 'pitchCount' cannot be null' in /home/ubuntu/workspace/aaa-team/development/lj/pitchUI-ver.0.10.5/phpInterface/server.php:142
Stack trace:
#0 /home/ubuntu/workspace/aaa-team/development/lj/pitchUI-ver.0.10.5/phpInterface/server.php(142): mysqli_stmt->execute()
#1 {main}
  thrown in /home/ubuntu/workspace/aaa-team/development/lj/pitchUI-ver.0.10.5/phpInterface/server.php on line 142
[05-May-2019 00:55:44 UTC] PHP Fatal error:  Uncaught exception 'mysqli_sql_exception' with message 'Column 'pitchCount' cannot be null' in /home/ubuntu/workspace/aaa-team/development/lj/pitchUI-ver.0.10.5/phpInterface/server.php:142
Stack trace:
#0 /home/ubuntu/workspace/aaa-team/development/lj/pitchUI-ver.0.10.5/phpInterface/server.php(142): mysqli_stmt->execute()
#1 {main}
  thrown in /home/ubuntu/workspace/aaa-team/development/lj/pitchUI-ver.0.10.5/phpInterface/server.php on line 142
[05-May-2019 00:55:44 UTC] PHP Fatal error:  Uncaught exception 'mysqli_sql_exception' with message 'Column 'pitchCount' cannot be null' in /home/ubuntu/workspace/aaa-team/development/lj/pitchUI-ver.0.10.5/phpInterface/server.php:142
Stack trace:
#0 /home/ubuntu/workspace/aaa-team/development/lj/pitchUI-ver.0.10.5/phpInterface/server.php(142): mysqli_stmt->execute()
#1 {main}
  thrown in /home/ubuntu/workspace/aaa-team/development/lj/pitchUI-ver.0.10.5/phpInterface/server.php on line 142
[05-May-2019 00:55:44 UTC] PHP Fatal error:  Uncaught exception 'mysqli_sql_exception' with message 'Column 'pitchCount' cannot be null' in /home/ubuntu/workspace/aaa-team/development/lj/pitchUI-ver.0.10.5/phpInterface/server.php:142
Stack trace:
#0 /home/ubuntu/workspace/aaa-team/development/lj/pitchUI-ver.0.10.5/phpInterface/server.php(142): mysqli_stmt->execute()
#1 {main}
  thrown in /home/ubuntu/workspace/aaa-team/development/lj/pitchUI-ver.0.10.5/phpInterface/server.php on line 142
[05-May-2019 00:55:44 UTC] PHP Fatal error:  Uncaught exception 'mysqli_sql_exception' with message 'Column 'pitchCount' cannot be null' in /home/ubuntu/workspace/aaa-team/development/lj/pitchUI-ver.0.10.5/phpInterface/server.php:142
Stack trace:
#0 /home/ubuntu/workspace/aaa-team/development/lj/pitchUI-ver.0.10.5/phpInterface/server.php(142): mysqli_stmt->execute()
#1 {main}
  thrown in /home/ubuntu/workspace/aaa-team/development/lj/pitchUI-ver.0.10.5/phpInterface/server.php on line 142
[05-May-2019 00:55:44 UTC] PHP Fatal error:  Uncaught exception 'mysqli_sql_exception' with message 'Column 'pitchCount' cannot be null' in /home/ubuntu/workspace/aaa-team/development/lj/pitchUI-ver.0.10.5/phpInterface/server.php:142
Stack trace:
#0 /home/ubuntu/workspace/aaa-team/development/lj/pitchUI-ver.0.10.5/phpInterface/server.php(142): mysqli_stmt->execute()
#1 {main}
  thrown in /home/ubuntu/workspace/aaa-team/development/lj/pitchUI-ver.0.10.5/phpInterface/server.php on line 142
[05-May-2019 00:55:44 UTC] PHP Fatal error:  Uncaught exception 'mysqli_sql_exception' with message 'Column 'pitchCount' cannot be null' in /home/ubuntu/workspace/aaa-team/development/lj/pitchUI-ver.0.10.5/phpInterface/server.php:142
Stack trace:
#0 /home/ubuntu/workspace/aaa-team/development/lj/pitchUI-ver.0.10.5/phpInterface/server.php(142): mysqli_stmt->execute()
#1 {main}
  thrown in /home/ubuntu/workspace/aaa-team/development/lj/pitchUI-ver.0.10.5/phpInterface/server.php on line 142
[05-May-2019 00:55:45 UTC] PHP Fatal error:  Uncaught exception 'mysqli_sql_exception' with message 'Column 'pitchCount' cannot be null' in /home/ubuntu/workspace/aaa-team/development/lj/pitchUI-ver.0.10.5/phpInterface/server.php:142
Stack trace:
#0 /home/ubuntu/workspace/aaa-team/development/lj/pitchUI-ver.0.10.5/phpInterface/server.php(142): mysqli_stmt->execute()
#1 {main}
  thrown in /home/ubuntu/workspace/aaa-team/development/lj/pitchUI-ver.0.10.5/phpInterface/server.php on line 142
[05-May-2019 00:55:45 UTC] PHP Fatal error:  Uncaught exception 'mysqli_sql_exception' with message 'Column 'pitchCount' cannot be null' in /home/ubuntu/workspace/aaa-team/development/lj/pitchUI-ver.0.10.5/phpInterface/server.php:142
Stack trace:
#0 /home/ubuntu/workspace/aaa-team/development/lj/pitchUI-ver.0.10.5/phpInterface/server.php(142): mysqli_stmt->execute()
#1 {main}
  thrown in /home/ubuntu/workspace/aaa-team/development/lj/pitchUI-ver.0.10.5/phpInterface/server.php on line 142
[05-May-2019 00:55:45 UTC] PHP Fatal error:  Uncaught exception 'mysqli_sql_exception' with message 'Column 'pitchCount' cannot be null' in /home/ubuntu/workspace/aaa-team/development/lj/pitchUI-ver.0.10.5/phpInterface/server.php:142
Stack trace:
#0 /home/ubuntu/workspace/aaa-team/development/lj/pitchUI-ver.0.10.5/phpInterface/server.php(142): mysqli_stmt->execute()
#1 {main}
  thrown in /home/ubuntu/workspace/aaa-team/development/lj/pitchUI-ver.0.10.5/phpInterface/server.php on line 142
[05-May-2019 00:55:45 UTC] PHP Fatal error:  Uncaught exception 'mysqli_sql_exception' with message 'Column 'pitchCount' cannot be null' in /home/ubuntu/workspace/aaa-team/development/lj/pitchUI-ver.0.10.5/phpInterface/server.php:142
Stack trace:
#0 /home/ubuntu/workspace/aaa-team/development/lj/pitchUI-ver.0.10.5/phpInterface/server.php(142): mysqli_stmt->execute()
#1 {main}
  thrown in /home/ubuntu/workspace/aaa-team/development/lj/pitchUI-ver.0.10.5/phpInterface/server.php on line 142
[05-May-2019 18:28:08 UTC] PHP Warning:  Invalid argument supplied for foreach() in /home/ubuntu/workspace/aaa-team/development/lj/pitchUI-ver.0.10.6/phpInterface/bulk_insert.php on line 80
[05-May-2019 18:28:08 UTC] PHP Stack trace:
[05-May-2019 18:28:08 UTC] PHP   1. {main}() /home/ubuntu/workspace/aaa-team/development/lj/pitchUI-ver.0.10.6/phpInterface/bulk_insert.php:0
[05-May-2019 18:31:06 UTC] PHP Warning:  Invalid argument supplied for foreach() in /home/ubuntu/workspace/aaa-team/development/lj/pitchUI-ver.0.10.6/phpInterface/bulk_insert.php on line 80
[05-May-2019 18:31:06 UTC] PHP Stack trace:
[05-May-2019 18:31:06 UTC] PHP   1. {main}() /home/ubuntu/workspace/aaa-team/development/lj/pitchUI-ver.0.10.6/phpInterface/bulk_insert.php:0
[05-May-2019 18:31:32 UTC] PHP Warning:  Invalid argument supplied for foreach() in /home/ubuntu/workspace/aaa-team/development/lj/pitchUI-ver.0.10.6/phpInterface/bulk_insert.php on line 80
[05-May-2019 18:31:32 UTC] PHP Stack trace:
[05-May-2019 18:31:32 UTC] PHP   1. {main}() /home/ubuntu/workspace/aaa-team/development/lj/pitchUI-ver.0.10.6/phpInterface/bulk_insert.php:0
[16-May-2019 21:24:04 UTC] PHP Parse error:  syntax error, unexpected '>', expecting '}' in /home/ubuntu/workspace/aaa-team/development/lj/pitchUI/pitchUI-ver.0.10.8/pitchTrackWorkbench-ver-0.9.1/main.php on line 170
[16-May-2019 21:24:27 UTC] PHP Parse error:  syntax error, unexpected '>', expecting '}' in /home/ubuntu/workspace/aaa-team/development/lj/pitchUI/pitchUI-ver.0.10.8/pitchTrackWorkbench-ver-0.9.1/main.php on line 170
[16-May-2019 21:24:29 UTC] PHP Parse error:  syntax error, unexpected '>', expecting '}' in /home/ubuntu/workspace/aaa-team/development/lj/pitchUI/pitchUI-ver.0.10.8/pitchTrackWorkbench-ver-0.9.1/main.php on line 170
[16-May-2019 21:25:13 UTC] PHP Parse error:  syntax error, unexpected '>', expecting '}' in /home/ubuntu/workspace/aaa-team/development/lj/pitchUI/pitchUI-ver.0.10.8/pitchTrackWorkbench-ver-0.9.1/main.php on line 170
[16-May-2019 21:25:16 UTC] PHP Parse error:  syntax error, unexpected '>', expecting '}' in /home/ubuntu/workspace/aaa-team/development/lj/pitchUI/pitchUI-ver.0.10.8/pitchTrackWorkbench-ver-0.9.1/main.php on line 170
[16-May-2019 21:25:41 UTC] PHP Parse error:  syntax error, unexpected '<', expecting '}' in /home/ubuntu/workspace/aaa-team/development/lj/pitchUI/pitchUI-ver.0.10.8/pitchTrackWorkbench-ver-0.9.1/main.php on line 170
[16-May-2019 21:25:55 UTC] PHP Parse error:  syntax error, unexpected '<', expecting '}' in /home/ubuntu/workspace/aaa-team/development/lj/pitchUI/pitchUI-ver.0.10.8/pitchTrackWorkbench-ver-0.9.1/main.php on line 170
[20-May-2019 03:23:25 UTC] PHP Fatal error:  Uncaught exception 'mysqli_sql_exception' with message 'You have an error in your SQL syntax; check the manual that corresponds to your MySQL server version for the right syntax to use near 'Malley (P)'' at line 3' in /home/ubuntu/workspace/aaa-team/development/lj/pitchUI/pitchUI-ver.0.12.9/pitchTrackWorkbench-ver-0.9.1/main.php:287
Stack trace:
#0 /home/ubuntu/workspace/aaa-team/development/lj/pitchUI/pitchUI-ver.0.12.9/pitchTrackWorkbench-ver-0.9.1/main.php(287): mysqli->prepare('SELECT `date`? ...')
#1 {main}
  thrown in /home/ubuntu/workspace/aaa-team/development/lj/pitchUI/pitchUI-ver.0.12.9/pitchTrackWorkbench-ver-0.9.1/main.php on line 287
[22-May-2019 22:53:33 UTC] PHP Parse error:  syntax error, unexpected '}' in /home/ubuntu/workspace/aaa-team/development/lj/pitchUI/pitchUI-ver.0.16.9/pitchTrackWorkbench-ver-0.9.1/SQLConnect.inc.php on line 76
[22-May-2019 22:53:33 UTC] PHP Stack trace:
[22-May-2019 22:53:33 UTC] PHP   1. {main}() /home/ubuntu/workspace/aaa-team/development/lj/pitchUI/pitchUI-ver.0.16.9/phpInterface/server.php:0
[23-May-2019 02:33:50 UTC] PHP Warning:  include(sql-open.inc.php): failed to open stream: No such file or directory in /home/ubuntu/workspace/aaa-team/development/lj/pitchUI/pitchUI-ver.0.16.9/pitchTrackWorkbench-ver-0.9.1/edit.php on line 3
[23-May-2019 02:33:50 UTC] PHP Stack trace:
[23-May-2019 02:33:50 UTC] PHP   1. {main}() /home/ubuntu/workspace/aaa-team/development/lj/pitchUI/pitchUI-ver.0.16.9/pitchTrackWorkbench-ver-0.9.1/edit.php:0
[23-May-2019 02:33:50 UTC] PHP Warning:  include(): Failed opening 'sql-open.inc.php' for inclusion (include_path='.:/usr/share/php:/usr/share/pear') in /home/ubuntu/workspace/aaa-team/development/lj/pitchUI/pitchUI-ver.0.16.9/pitchTrackWorkbench-ver-0.9.1/edit.php on line 3
[23-May-2019 02:33:50 UTC] PHP Stack trace:
[23-May-2019 02:33:50 UTC] PHP   1. {main}() /home/ubuntu/workspace/aaa-team/development/lj/pitchUI/pitchUI-ver.0.16.9/pitchTrackWorkbench-ver-0.9.1/edit.php:0
[23-May-2019 02:33:50 UTC] PHP Fatal error:  Call to a member function prepare() on a non-object in /home/ubuntu/workspace/aaa-team/development/lj/pitchUI/pitchUI-ver.0.16.9/pitchTrackWorkbench-ver-0.9.1/edit.php on line 30
[23-May-2019 02:33:50 UTC] PHP Stack trace:
[23-May-2019 02:33:50 UTC] PHP   1. {main}() /home/ubuntu/workspace/aaa-team/development/lj/pitchUI/pitchUI-ver.0.16.9/pitchTrackWorkbench-ver-0.9.1/edit.php:0
[23-May-2019 02:34:08 UTC] PHP Warning:  include(sql-open.inc.php): failed to open stream: No such file or directory in /home/ubuntu/workspace/aaa-team/development/lj/pitchUI/pitchUI-ver.0.16.9/pitchTrackWorkbench-ver-0.9.1/edit.php on line 3
[23-May-2019 02:34:08 UTC] PHP Stack trace:
[23-May-2019 02:34:08 UTC] PHP   1. {main}() /home/ubuntu/workspace/aaa-team/development/lj/pitchUI/pitchUI-ver.0.16.9/pitchTrackWorkbench-ver-0.9.1/edit.php:0
[23-May-2019 02:34:08 UTC] PHP Warning:  include(): Failed opening 'sql-open.inc.php' for inclusion (include_path='.:/usr/share/php:/usr/share/pear') in /home/ubuntu/workspace/aaa-team/development/lj/pitchUI/pitchUI-ver.0.16.9/pitchTrackWorkbench-ver-0.9.1/edit.php on line 3
[23-May-2019 02:34:08 UTC] PHP Stack trace:
[23-May-2019 02:34:08 UTC] PHP   1. {main}() /home/ubuntu/workspace/aaa-team/development/lj/pitchUI/pitchUI-ver.0.16.9/pitchTrackWorkbench-ver-0.9.1/edit.php:0
[23-May-2019 02:34:08 UTC] PHP Fatal error:  Call to a member function prepare() on a non-object in /home/ubuntu/workspace/aaa-team/development/lj/pitchUI/pitchUI-ver.0.16.9/pitchTrackWorkbench-ver-0.9.1/edit.php on line 30
[23-May-2019 02:34:08 UTC] PHP Stack trace:
[23-May-2019 02:34:08 UTC] PHP   1. {main}() /home/ubuntu/workspace/aaa-team/development/lj/pitchUI/pitchUI-ver.0.16.9/pitchTrackWorkbench-ver-0.9.1/edit.php:0
[23-May-2019 02:34:24 UTC] PHP Warning:  include(sql-open.inc.php): failed to open stream: No such file or directory in /home/ubuntu/workspace/aaa-team/development/lj/pitchUI/pitchUI-ver.0.16.9/pitchTrackWorkbench-ver-0.9.1/edit.php on line 3
[23-May-2019 02:34:24 UTC] PHP Stack trace:
[23-May-2019 02:34:24 UTC] PHP   1. {main}() /home/ubuntu/workspace/aaa-team/development/lj/pitchUI/pitchUI-ver.0.16.9/pitchTrackWorkbench-ver-0.9.1/edit.php:0
[23-May-2019 02:34:24 UTC] PHP Warning:  include(): Failed opening 'sql-open.inc.php' for inclusion (include_path='.:/usr/share/php:/usr/share/pear') in /home/ubuntu/workspace/aaa-team/development/lj/pitchUI/pitchUI-ver.0.16.9/pitchTrackWorkbench-ver-0.9.1/edit.php on line 3
[23-May-2019 02:34:24 UTC] PHP Stack trace:
[23-May-2019 02:34:24 UTC] PHP   1. {main}() /home/ubuntu/workspace/aaa-team/development/lj/pitchUI/pitchUI-ver.0.16.9/pitchTrackWorkbench-ver-0.9.1/edit.php:0
[23-May-2019 02:34:24 UTC] PHP Fatal error:  Call to a member function prepare() on a non-object in /home/ubuntu/workspace/aaa-team/development/lj/pitchUI/pitchUI-ver.0.16.9/pitchTrackWorkbench-ver-0.9.1/edit.php on line 30
[23-May-2019 02:34:24 UTC] PHP Stack trace:
[23-May-2019 02:34:24 UTC] PHP   1. {main}() /home/ubuntu/workspace/aaa-team/development/lj/pitchUI/pitchUI-ver.0.16.9/pitchTrackWorkbench-ver-0.9.1/edit.php:0
[23-May-2019 02:36:38 UTC] PHP Fatal error:  Uncaught exception 'mysqli_sql_exception' with message 'You have an error in your SQL syntax; check the manual that corresponds to your MySQL server version for the right syntax to use near 'Malley (P)'' at line 3' in /home/ubuntu/workspace/aaa-team/development/lj/pitchUI/pitchUI-ver.0.16.9/pitchTrackWorkbench-ver-0.9.1/main.php:287
Stack trace:
#0 /home/ubuntu/workspace/aaa-team/development/lj/pitchUI/pitchUI-ver.0.16.9/pitchTrackWorkbench-ver-0.9.1/main.php(287): mysqli->prepare('SELECT `date`? ...')
#1 {main}
  thrown in /home/ubuntu/workspace/aaa-team/development/lj/pitchUI/pitchUI-ver.0.16.9/pitchTrackWorkbench-ver-0.9.1/main.php on line 287
[23-May-2019 02:36:58 UTC] PHP Warning:  include(sql-close.inc.php): failed to open stream: No such file or directory in /home/ubuntu/workspace/aaa-team/development/lj/pitchUI/pitchUI-ver.0.16.9/pitchTrackWorkbench-ver-0.9.1/edit.php on line 63
[23-May-2019 02:36:58 UTC] PHP Stack trace:
[23-May-2019 02:36:58 UTC] PHP   1. {main}() /home/ubuntu/workspace/aaa-team/development/lj/pitchUI/pitchUI-ver.0.16.9/pitchTrackWorkbench-ver-0.9.1/edit.php:0
[23-May-2019 02:36:58 UTC] PHP Warning:  include(): Failed opening 'sql-close.inc.php' for inclusion (include_path='.:/usr/share/php:/usr/share/pear') in /home/ubuntu/workspace/aaa-team/development/lj/pitchUI/pitchUI-ver.0.16.9/pitchTrackWorkbench-ver-0.9.1/edit.php on line 63
[23-May-2019 02:36:58 UTC] PHP Stack trace:
[23-May-2019 02:36:58 UTC] PHP   1. {main}() /home/ubuntu/workspace/aaa-team/development/lj/pitchUI/pitchUI-ver.0.16.9/pitchTrackWorkbench-ver-0.9.1/edit.php:0
[23-May-2019 18:54:59 UTC] PHP Parse error:  syntax error, unexpected ';' in /home/ubuntu/workspace/aaa-team/development/lj/pitchUI/pitchUI-ver.0.16.9/pitchTrackWorkbench-ver-0.9.1/main.php on line 7
[23-May-2019 20:45:02 UTC] PHP Warning:  include(../pitchTrackWorkbench-ver-0.9.1/custom_error.inc.php): failed to open stream: No such file or directory in /home/ubuntu/workspace/aaa-team/development/lj/pitchUI/pitchUI-ver.0.17.9/phpInterface/server.php on line 4
[23-May-2019 20:45:02 UTC] PHP Stack trace:
[23-May-2019 20:45:02 UTC] PHP   1. {main}() /home/ubuntu/workspace/aaa-team/development/lj/pitchUI/pitchUI-ver.0.17.9/phpInterface/server.php:0
[23-May-2019 20:45:02 UTC] PHP Warning:  include(): Failed opening '../pitchTrackWorkbench-ver-0.9.1/custom_error.inc.php' for inclusion (include_path='.:/usr/share/php:/usr/share/pear') in /home/ubuntu/workspace/aaa-team/development/lj/pitchUI/pitchUI-ver.0.17.9/phpInterface/server.php on line 4
[23-May-2019 20:45:02 UTC] PHP Stack trace:
[23-May-2019 20:45:02 UTC] PHP   1. {main}() /home/ubuntu/workspace/aaa-team/development/lj/pitchUI/pitchUI-ver.0.17.9/phpInterface/server.php:0
[23-May-2019 20:45:02 UTC] PHP Warning:  include(../pitchTrackWorkbench-ver-0.9.1/SQLConnect.inc.php): failed to open stream: No such file or directory in /home/ubuntu/workspace/aaa-team/development/lj/pitchUI/pitchUI-ver.0.17.9/phpInterface/server.php on line 5
[23-May-2019 20:45:02 UTC] PHP Stack trace:
[23-May-2019 20:45:02 UTC] PHP   1. {main}() /home/ubuntu/workspace/aaa-team/development/lj/pitchUI/pitchUI-ver.0.17.9/phpInterface/server.php:0
[23-May-2019 20:45:02 UTC] PHP Warning:  include(): Failed opening '../pitchTrackWorkbench-ver-0.9.1/SQLConnect.inc.php' for inclusion (include_path='.:/usr/share/php:/usr/share/pear') in /home/ubuntu/workspace/aaa-team/development/lj/pitchUI/pitchUI-ver.0.17.9/phpInterface/server.php on line 5
[23-May-2019 20:45:02 UTC] PHP Stack trace:
[23-May-2019 20:45:02 UTC] PHP   1. {main}() /home/ubuntu/workspace/aaa-team/development/lj/pitchUI/pitchUI-ver.0.17.9/phpInterface/server.php:0
[23-May-2019 20:45:02 UTC] PHP Warning:  include(../pitchTrackWorkbench-ver-0.9.1/custom_error.inc.php): failed to open stream: No such file or directory in /home/ubuntu/workspace/aaa-team/development/lj/pitchUI/pitchUI-ver.0.17.9/phpInterface/server.php on line 4
[23-May-2019 20:45:02 UTC] PHP Stack trace:
[23-May-2019 20:45:02 UTC] PHP   1. {main}() /home/ubuntu/workspace/aaa-team/development/lj/pitchUI/pitchUI-ver.0.17.9/phpInterface/server.php:0
[23-May-2019 20:45:02 UTC] PHP Warning:  include(): Failed opening '../pitchTrackWorkbench-ver-0.9.1/custom_error.inc.php' for inclusion (include_path='.:/usr/share/php:/usr/share/pear') in /home/ubuntu/workspace/aaa-team/development/lj/pitchUI/pitchUI-ver.0.17.9/phpInterface/server.php on line 4
[23-May-2019 20:45:02 UTC] PHP Stack trace:
[23-May-2019 20:45:02 UTC] PHP   1. {main}() /home/ubuntu/workspace/aaa-team/development/lj/pitchUI/pitchUI-ver.0.17.9/phpInterface/server.php:0
[23-May-2019 20:45:02 UTC] PHP Warning:  include(../pitchTrackWorkbench-ver-0.9.1/SQLConnect.inc.php): failed to open stream: No such file or directory in /home/ubuntu/workspace/aaa-team/development/lj/pitchUI/pitchUI-ver.0.17.9/phpInterface/server.php on line 5
[23-May-2019 20:45:02 UTC] PHP Stack trace:
[23-May-2019 20:45:02 UTC] PHP   1. {main}() /home/ubuntu/workspace/aaa-team/development/lj/pitchUI/pitchUI-ver.0.17.9/phpInterface/server.php:0
[23-May-2019 20:45:02 UTC] PHP Warning:  include(): Failed opening '../pitchTrackWorkbench-ver-0.9.1/SQLConnect.inc.php' for inclusion (include_path='.:/usr/share/php:/usr/share/pear') in /home/ubuntu/workspace/aaa-team/development/lj/pitchUI/pitchUI-ver.0.17.9/phpInterface/server.php on line 5
[23-May-2019 20:45:02 UTC] PHP Stack trace:
[23-May-2019 20:45:02 UTC] PHP   1. {main}() /home/ubuntu/workspace/aaa-team/development/lj/pitchUI/pitchUI-ver.0.17.9/phpInterface/server.php:0
[23-May-2019 20:45:03 UTC] PHP Warning:  include(../pitchTrackWorkbench-ver-0.9.1/custom_error.inc.php): failed to open stream: No such file or directory in /home/ubuntu/workspace/aaa-team/development/lj/pitchUI/pitchUI-ver.0.17.9/phpInterface/server.php on line 4
[23-May-2019 20:45:03 UTC] PHP Stack trace:
[23-May-2019 20:45:03 UTC] PHP   1. {main}() /home/ubuntu/workspace/aaa-team/development/lj/pitchUI/pitchUI-ver.0.17.9/phpInterface/server.php:0
[23-May-2019 20:45:03 UTC] PHP Warning:  include(): Failed opening '../pitchTrackWorkbench-ver-0.9.1/custom_error.inc.php' for inclusion (include_path='.:/usr/share/php:/usr/share/pear') in /home/ubuntu/workspace/aaa-team/development/lj/pitchUI/pitchUI-ver.0.17.9/phpInterface/server.php on line 4
[23-May-2019 20:45:03 UTC] PHP Stack trace:
[23-May-2019 20:45:03 UTC] PHP   1. {main}() /home/ubuntu/workspace/aaa-team/development/lj/pitchUI/pitchUI-ver.0.17.9/phpInterface/server.php:0
[23-May-2019 20:45:03 UTC] PHP Warning:  include(../pitchTrackWorkbench-ver-0.9.1/SQLConnect.inc.php): failed to open stream: No such file or directory in /home/ubuntu/workspace/aaa-team/development/lj/pitchUI/pitchUI-ver.0.17.9/phpInterface/server.php on line 5
[23-May-2019 20:45:03 UTC] PHP Stack trace:
[23-May-2019 20:45:03 UTC] PHP   1. {main}() /home/ubuntu/workspace/aaa-team/development/lj/pitchUI/pitchUI-ver.0.17.9/phpInterface/server.php:0
[23-May-2019 20:45:03 UTC] PHP Warning:  include(): Failed opening '../pitchTrackWorkbench-ver-0.9.1/SQLConnect.inc.php' for inclusion (include_path='.:/usr/share/php:/usr/share/pear') in /home/ubuntu/workspace/aaa-team/development/lj/pitchUI/pitchUI-ver.0.17.9/phpInterface/server.php on line 5
[23-May-2019 20:45:03 UTC] PHP Stack trace:
[23-May-2019 20:45:03 UTC] PHP   1. {main}() /home/ubuntu/workspace/aaa-team/development/lj/pitchUI/pitchUI-ver.0.17.9/phpInterface/server.php:0
[23-May-2019 20:45:03 UTC] PHP Warning:  include(../pitchTrackWorkbench-ver-0.9.1/custom_error.inc.php): failed to open stream: No such file or directory in /home/ubuntu/workspace/aaa-team/development/lj/pitchUI/pitchUI-ver.0.17.9/phpInterface/server.php on line 4
[23-May-2019 20:45:03 UTC] PHP Stack trace:
[23-May-2019 20:45:03 UTC] PHP   1. {main}() /home/ubuntu/workspace/aaa-team/development/lj/pitchUI/pitchUI-ver.0.17.9/phpInterface/server.php:0
[23-May-2019 20:45:03 UTC] PHP Warning:  include(): Failed opening '../pitchTrackWorkbench-ver-0.9.1/custom_error.inc.php' for inclusion (include_path='.:/usr/share/php:/usr/share/pear') in /home/ubuntu/workspace/aaa-team/development/lj/pitchUI/pitchUI-ver.0.17.9/phpInterface/server.php on line 4
[23-May-2019 20:45:03 UTC] PHP Stack trace:
[23-May-2019 20:45:03 UTC] PHP   1. {main}() /home/ubuntu/workspace/aaa-team/development/lj/pitchUI/pitchUI-ver.0.17.9/phpInterface/server.php:0
[23-May-2019 20:45:03 UTC] PHP Warning:  include(../pitchTrackWorkbench-ver-0.9.1/SQLConnect.inc.php): failed to open stream: No such file or directory in /home/ubuntu/workspace/aaa-team/development/lj/pitchUI/pitchUI-ver.0.17.9/phpInterface/server.php on line 5
[23-May-2019 20:45:03 UTC] PHP Stack trace:
[23-May-2019 20:45:03 UTC] PHP   1. {main}() /home/ubuntu/workspace/aaa-team/development/lj/pitchUI/pitchUI-ver.0.17.9/phpInterface/server.php:0
[23-May-2019 20:45:03 UTC] PHP Warning:  include(): Failed opening '../pitchTrackWorkbench-ver-0.9.1/SQLConnect.inc.php' for inclusion (include_path='.:/usr/share/php:/usr/share/pear') in /home/ubuntu/workspace/aaa-team/development/lj/pitchUI/pitchUI-ver.0.17.9/phpInterface/server.php on line 5
[23-May-2019 20:45:03 UTC] PHP Stack trace:
[23-May-2019 20:45:03 UTC] PHP   1. {main}() /home/ubuntu/workspace/aaa-team/development/lj/pitchUI/pitchUI-ver.0.17.9/phpInterface/server.php:0
[23-May-2019 20:45:03 UTC] PHP Warning:  include(../pitchTrackWorkbench-ver-0.9.1/custom_error.inc.php): failed to open stream: No such file or directory in /home/ubuntu/workspace/aaa-team/development/lj/pitchUI/pitchUI-ver.0.17.9/phpInterface/server.php on line 4
[23-May-2019 20:45:03 UTC] PHP Stack trace:
[23-May-2019 20:45:03 UTC] PHP   1. {main}() /home/ubuntu/workspace/aaa-team/development/lj/pitchUI/pitchUI-ver.0.17.9/phpInterface/server.php:0
[23-May-2019 20:45:03 UTC] PHP Warning:  include(): Failed opening '../pitchTrackWorkbench-ver-0.9.1/custom_error.inc.php' for inclusion (include_path='.:/usr/share/php:/usr/share/pear') in /home/ubuntu/workspace/aaa-team/development/lj/pitchUI/pitchUI-ver.0.17.9/phpInterface/server.php on line 4
[23-May-2019 20:45:03 UTC] PHP Stack trace:
[23-May-2019 20:45:03 UTC] PHP   1. {main}() /home/ubuntu/workspace/aaa-team/development/lj/pitchUI/pitchUI-ver.0.17.9/phpInterface/server.php:0
[23-May-2019 20:45:03 UTC] PHP Warning:  include(../pitchTrackWorkbench-ver-0.9.1/SQLConnect.inc.php): failed to open stream: No such file or directory in /home/ubuntu/workspace/aaa-team/development/lj/pitchUI/pitchUI-ver.0.17.9/phpInterface/server.php on line 5
[23-May-2019 20:45:03 UTC] PHP Stack trace:
[23-May-2019 20:45:03 UTC] PHP   1. {main}() /home/ubuntu/workspace/aaa-team/development/lj/pitchUI/pitchUI-ver.0.17.9/phpInterface/server.php:0
[23-May-2019 20:45:03 UTC] PHP Warning:  include(): Failed opening '../pitchTrackWorkbench-ver-0.9.1/SQLConnect.inc.php' for inclusion (include_path='.:/usr/share/php:/usr/share/pear') in /home/ubuntu/workspace/aaa-team/development/lj/pitchUI/pitchUI-ver.0.17.9/phpInterface/server.php on line 5
[23-May-2019 20:45:03 UTC] PHP Stack trace:
[23-May-2019 20:45:03 UTC] PHP   1. {main}() /home/ubuntu/workspace/aaa-team/development/lj/pitchUI/pitchUI-ver.0.17.9/phpInterface/server.php:0
[23-May-2019 20:45:04 UTC] PHP Warning:  include(../pitchTrackWorkbench-ver-0.9.1/custom_error.inc.php): failed to open stream: No such file or directory in /home/ubuntu/workspace/aaa-team/development/lj/pitchUI/pitchUI-ver.0.17.9/phpInterface/server.php on line 4
[23-May-2019 20:45:04 UTC] PHP Stack trace:
[23-May-2019 20:45:04 UTC] PHP   1. {main}() /home/ubuntu/workspace/aaa-team/development/lj/pitchUI/pitchUI-ver.0.17.9/phpInterface/server.php:0
[23-May-2019 20:45:04 UTC] PHP Warning:  include(): Failed opening '../pitchTrackWorkbench-ver-0.9.1/custom_error.inc.php' for inclusion (include_path='.:/usr/share/php:/usr/share/pear') in /home/ubuntu/workspace/aaa-team/development/lj/pitchUI/pitchUI-ver.0.17.9/phpInterface/server.php on line 4
[23-May-2019 20:45:04 UTC] PHP Stack trace:
[23-May-2019 20:45:04 UTC] PHP   1. {main}() /home/ubuntu/workspace/aaa-team/development/lj/pitchUI/pitchUI-ver.0.17.9/phpInterface/server.php:0
[23-May-2019 20:45:04 UTC] PHP Warning:  include(../pitchTrackWorkbench-ver-0.9.1/SQLConnect.inc.php): failed to open stream: No such file or directory in /home/ubuntu/workspace/aaa-team/development/lj/pitchUI/pitchUI-ver.0.17.9/phpInterface/server.php on line 5
[23-May-2019 20:45:04 UTC] PHP Stack trace:
[23-May-2019 20:45:04 UTC] PHP   1. {main}() /home/ubuntu/workspace/aaa-team/development/lj/pitchUI/pitchUI-ver.0.17.9/phpInterface/server.php:0
[23-May-2019 20:45:04 UTC] PHP Warning:  include(): Failed opening '../pitchTrackWorkbench-ver-0.9.1/SQLConnect.inc.php' for inclusion (include_path='.:/usr/share/php:/usr/share/pear') in /home/ubuntu/workspace/aaa-team/development/lj/pitchUI/pitchUI-ver.0.17.9/phpInterface/server.php on line 5
[23-May-2019 20:45:04 UTC] PHP Stack trace:
[23-May-2019 20:45:04 UTC] PHP   1. {main}() /home/ubuntu/workspace/aaa-team/development/lj/pitchUI/pitchUI-ver.0.17.9/phpInterface/server.php:0
[23-May-2019 20:47:10 UTC] PHP Warning:  include(../../pitchTrackWorkbench-ver-0.9.1/custom_error.inc.php): failed to open stream: No such file or directory in /home/ubuntu/workspace/aaa-team/development/lj/pitchUI/pitchUI-ver.0.17.9/phpInterface/server.php on line 4
[23-May-2019 20:47:10 UTC] PHP Stack trace:
[23-May-2019 20:47:10 UTC] PHP   1. {main}() /home/ubuntu/workspace/aaa-team/development/lj/pitchUI/pitchUI-ver.0.17.9/phpInterface/server.php:0
[23-May-2019 20:47:10 UTC] PHP Warning:  include(): Failed opening '../../pitchTrackWorkbench-ver-0.9.1/custom_error.inc.php' for inclusion (include_path='.:/usr/share/php:/usr/share/pear') in /home/ubuntu/workspace/aaa-team/development/lj/pitchUI/pitchUI-ver.0.17.9/phpInterface/server.php on line 4
[23-May-2019 20:47:10 UTC] PHP Stack trace:
[23-May-2019 20:47:10 UTC] PHP   1. {main}() /home/ubuntu/workspace/aaa-team/development/lj/pitchUI/pitchUI-ver.0.17.9/phpInterface/server.php:0
[23-May-2019 20:47:10 UTC] PHP Warning:  include(../../pitchTrackWorkbench-ver-0.9.1/SQLConnect.inc.php): failed to open stream: No such file or directory in /home/ubuntu/workspace/aaa-team/development/lj/pitchUI/pitchUI-ver.0.17.9/phpInterface/server.php on line 5
[23-May-2019 20:47:10 UTC] PHP Stack trace:
[23-May-2019 20:47:10 UTC] PHP   1. {main}() /home/ubuntu/workspace/aaa-team/development/lj/pitchUI/pitchUI-ver.0.17.9/phpInterface/server.php:0
[23-May-2019 20:47:10 UTC] PHP Warning:  include(): Failed opening '../../pitchTrackWorkbench-ver-0.9.1/SQLConnect.inc.php' for inclusion (include_path='.:/usr/share/php:/usr/share/pear') in /home/ubuntu/workspace/aaa-team/development/lj/pitchUI/pitchUI-ver.0.17.9/phpInterface/server.php on line 5
[23-May-2019 20:47:10 UTC] PHP Stack trace:
[23-May-2019 20:47:10 UTC] PHP   1. {main}() /home/ubuntu/workspace/aaa-team/development/lj/pitchUI/pitchUI-ver.0.17.9/phpInterface/server.php:0
[23-May-2019 20:49:49 UTC] PHP Warning:  include(../../pitchTrackWorkbench-ver-0.9.1/php/custom_error.inc.php): failed to open stream: No such file or directory in /home/ubuntu/workspace/aaa-team/development/lj/pitchUI/pitchUI-ver.0.17.9/phpInterface/server.php on line 4
[23-May-2019 20:49:49 UTC] PHP Stack trace:
[23-May-2019 20:49:49 UTC] PHP   1. {main}() /home/ubuntu/workspace/aaa-team/development/lj/pitchUI/pitchUI-ver.0.17.9/phpInterface/server.php:0
[23-May-2019 20:49:49 UTC] PHP Warning:  include(): Failed opening '../../pitchTrackWorkbench-ver-0.9.1/php/custom_error.inc.php' for inclusion (include_path='.:/usr/share/php:/usr/share/pear') in /home/ubuntu/workspace/aaa-team/development/lj/pitchUI/pitchUI-ver.0.17.9/phpInterface/server.php on line 4
[23-May-2019 20:49:49 UTC] PHP Stack trace:
[23-May-2019 20:49:49 UTC] PHP   1. {main}() /home/ubuntu/workspace/aaa-team/development/lj/pitchUI/pitchUI-ver.0.17.9/phpInterface/server.php:0
[23-May-2019 20:49:49 UTC] PHP Warning:  include(../../pitchTrackWorkbench-ver-0.9.1/php/SQLConnect.inc.php): failed to open stream: No such file or directory in /home/ubuntu/workspace/aaa-team/development/lj/pitchUI/pitchUI-ver.0.17.9/phpInterface/server.php on line 5
[23-May-2019 20:49:49 UTC] PHP Stack trace:
[23-May-2019 20:49:49 UTC] PHP   1. {main}() /home/ubuntu/workspace/aaa-team/development/lj/pitchUI/pitchUI-ver.0.17.9/phpInterface/server.php:0
[23-May-2019 20:49:49 UTC] PHP Warning:  include(): Failed opening '../../pitchTrackWorkbench-ver-0.9.1/php/SQLConnect.inc.php' for inclusion (include_path='.:/usr/share/php:/usr/share/pear') in /home/ubuntu/workspace/aaa-team/development/lj/pitchUI/pitchUI-ver.0.17.9/phpInterface/server.php on line 5
[23-May-2019 20:49:49 UTC] PHP Stack trace:
[23-May-2019 20:49:49 UTC] PHP   1. {main}() /home/ubuntu/workspace/aaa-team/development/lj/pitchUI/pitchUI-ver.0.17.9/phpInterface/server.php:0
